

Started GET "/" for 71.23.137.99 at 2013-11-30 03:01:39 +0000
Processing by Rails::WelcomeController#index as HTML
  Rendered /var/lib/gems/1.9.1/gems/railties-4.0.1/lib/rails/templates/rails/welcome/index.html.erb (2.1ms)
Completed 200 OK in 41ms (Views: 24.1ms | ActiveRecord: 0.0ms)


Started GET "/" for 71.23.137.99 at 2013-11-30 03:08:46 +0000
Processing by WelcomeController#index as HTML
  Rendered welcome/index.html.erb within layouts/application (0.3ms)
Completed 200 OK in 293ms (Views: 292.5ms | ActiveRecord: 0.0ms)


Started GET "/assets/application.css?body=1" for 71.23.137.99 at 2013-11-30 03:08:47 +0000


Started GET "/assets/welcome.css?body=1" for 71.23.137.99 at 2013-11-30 03:08:47 +0000


Started GET "/assets/jquery_ujs.js?body=1" for 71.23.137.99 at 2013-11-30 03:08:47 +0000


Started GET "/assets/jquery.js?body=1" for 71.23.137.99 at 2013-11-30 03:08:47 +0000


Started GET "/assets/turbolinks.js?body=1" for 71.23.137.99 at 2013-11-30 03:08:47 +0000


Started GET "/assets/welcome.js?body=1" for 71.23.137.99 at 2013-11-30 03:08:47 +0000


Started GET "/assets/application.js?body=1" for 71.23.137.99 at 2013-11-30 03:08:47 +0000


Started GET "/" for 71.23.137.99 at 2013-11-30 03:25:08 +0000

LoadError (cannot load such file -- cassandra/1.2):
  app/controllers/welcome_controller.rb:1:in `<top (required)>'


  Rendered /var/lib/gems/1.9.1/gems/actionpack-4.0.1/lib/action_dispatch/middleware/templates/rescues/_source.erb (0.6ms)
  Rendered /var/lib/gems/1.9.1/gems/actionpack-4.0.1/lib/action_dispatch/middleware/templates/rescues/_trace.erb (1.0ms)
  Rendered /var/lib/gems/1.9.1/gems/actionpack-4.0.1/lib/action_dispatch/middleware/templates/rescues/_request_and_response.erb (1.2ms)
  Rendered /var/lib/gems/1.9.1/gems/actionpack-4.0.1/lib/action_dispatch/middleware/templates/rescues/diagnostics.erb within rescues/layout (12.6ms)


Started GET "/" for 71.23.137.99 at 2013-11-30 03:25:18 +0000

LoadError (cannot load such file -- cassandra):
  app/controllers/welcome_controller.rb:1:in `<top (required)>'


  Rendered /var/lib/gems/1.9.1/gems/actionpack-4.0.1/lib/action_dispatch/middleware/templates/rescues/_source.erb (0.6ms)
  Rendered /var/lib/gems/1.9.1/gems/actionpack-4.0.1/lib/action_dispatch/middleware/templates/rescues/_trace.erb (0.9ms)
  Rendered /var/lib/gems/1.9.1/gems/actionpack-4.0.1/lib/action_dispatch/middleware/templates/rescues/_request_and_response.erb (1.3ms)
  Rendered /var/lib/gems/1.9.1/gems/actionpack-4.0.1/lib/action_dispatch/middleware/templates/rescues/diagnostics.erb within rescues/layout (11.2ms)


Started GET "/" for 71.23.137.99 at 2013-11-30 03:36:30 +0000
Processing by WelcomeController#index as HTML
{"delay"=>"@)\xFB\xDC\xB8=\xD9t"}
  Rendered welcome/index.html.erb within layouts/application (2.1ms)
Completed 200 OK in 197ms (Views: 40.9ms | ActiveRecord: 0.0ms)


Started GET "/assets/application.css?body=1" for 71.23.137.99 at 2013-11-30 03:36:31 +0000


Started GET "/assets/welcome.css?body=1" for 71.23.137.99 at 2013-11-30 03:36:31 +0000


Started GET "/assets/jquery.js?body=1" for 71.23.137.99 at 2013-11-30 03:36:31 +0000


Started GET "/assets/jquery_ujs.js?body=1" for 71.23.137.99 at 2013-11-30 03:36:31 +0000


Started GET "/assets/application.js?body=1" for 71.23.137.99 at 2013-11-30 03:36:31 +0000


Started GET "/assets/welcome.js?body=1" for 71.23.137.99 at 2013-11-30 03:36:31 +0000


Started GET "/assets/turbolinks.js?body=1" for 71.23.137.99 at 2013-11-30 03:36:31 +0000


Started GET "/" for 71.23.137.99 at 2013-11-30 03:48:31 +0000
Processing by WelcomeController#index as HTML
{"delay"=>"@)\xFB\xDC\xB8=\xD9t"}
Completed 500 Internal Server Error in 111ms

NoMethodError (undefined method `exists' for #<Cassandra:0x0000000449c038>):
  app/controllers/welcome_controller.rb:8:in `index'


  Rendered /var/lib/gems/1.9.1/gems/actionpack-4.0.1/lib/action_dispatch/middleware/templates/rescues/_source.erb (0.6ms)
  Rendered /var/lib/gems/1.9.1/gems/actionpack-4.0.1/lib/action_dispatch/middleware/templates/rescues/_trace.erb (1.0ms)
  Rendered /var/lib/gems/1.9.1/gems/actionpack-4.0.1/lib/action_dispatch/middleware/templates/rescues/_request_and_response.erb (0.8ms)
  Rendered /var/lib/gems/1.9.1/gems/actionpack-4.0.1/lib/action_dispatch/middleware/templates/rescues/diagnostics.erb within rescues/layout (11.3ms)


Started GET "/" for 71.23.137.99 at 2013-11-30 03:48:42 +0000
Processing by WelcomeController#index as HTML
{"delay"=>"@)\xFB\xDC\xB8=\xD9t"}
true
  Rendered welcome/index.html.erb within layouts/application (0.1ms)
Completed 200 OK in 113ms (Views: 3.0ms | ActiveRecord: 0.0ms)


Started GET "/assets/application.css?body=1" for 71.23.137.99 at 2013-11-30 03:48:42 +0000


Started GET "/assets/welcome.css?body=1" for 71.23.137.99 at 2013-11-30 03:48:42 +0000


Started GET "/assets/jquery.js?body=1" for 71.23.137.99 at 2013-11-30 03:48:42 +0000


Started GET "/assets/turbolinks.js?body=1" for 71.23.137.99 at 2013-11-30 03:48:42 +0000


Started GET "/assets/jquery_ujs.js?body=1" for 71.23.137.99 at 2013-11-30 03:48:42 +0000


Started GET "/assets/welcome.js?body=1" for 71.23.137.99 at 2013-11-30 03:48:42 +0000


Started GET "/assets/application.js?body=1" for 71.23.137.99 at 2013-11-30 03:48:42 +0000


Started GET "/" for 71.23.137.99 at 2013-11-30 03:51:46 +0000
Processing by WelcomeController#index as HTML

true
  Rendered welcome/index.html.erb within layouts/application (0.1ms)
Completed 200 OK in 130ms (Views: 2.9ms | ActiveRecord: 0.0ms)


Started GET "/assets/application.css?body=1" for 71.23.137.99 at 2013-11-30 03:51:46 +0000


Started GET "/assets/welcome.css?body=1" for 71.23.137.99 at 2013-11-30 03:51:46 +0000


Started GET "/assets/jquery.js?body=1" for 71.23.137.99 at 2013-11-30 03:51:46 +0000


Started GET "/assets/jquery_ujs.js?body=1" for 71.23.137.99 at 2013-11-30 03:51:46 +0000


Started GET "/assets/turbolinks.js?body=1" for 71.23.137.99 at 2013-11-30 03:51:46 +0000


Started GET "/assets/welcome.js?body=1" for 71.23.137.99 at 2013-11-30 03:51:47 +0000


Started GET "/assets/application.js?body=1" for 71.23.137.99 at 2013-11-30 03:51:47 +0000


Started GET "/" for 71.23.137.99 at 2013-11-30 03:52:32 +0000
Processing by WelcomeController#index as HTML

true
  Rendered welcome/index.html.erb within layouts/application (0.1ms)
Completed 200 OK in 143ms (Views: 2.8ms | ActiveRecord: 0.0ms)


Started GET "/assets/application.css?body=1" for 71.23.137.99 at 2013-11-30 03:52:33 +0000


Started GET "/assets/welcome.css?body=1" for 71.23.137.99 at 2013-11-30 03:52:33 +0000


Started GET "/assets/jquery.js?body=1" for 71.23.137.99 at 2013-11-30 03:52:33 +0000


Started GET "/assets/jquery_ujs.js?body=1" for 71.23.137.99 at 2013-11-30 03:52:33 +0000


Started GET "/assets/turbolinks.js?body=1" for 71.23.137.99 at 2013-11-30 03:52:33 +0000


Started GET "/assets/welcome.js?body=1" for 71.23.137.99 at 2013-11-30 03:52:33 +0000


Started GET "/assets/application.js?body=1" for 71.23.137.99 at 2013-11-30 03:52:33 +0000


Started GET "/" for 71.23.137.99 at 2013-11-30 03:53:18 +0000
Processing by WelcomeController#index as HTML
Completed 500 Internal Server Error in 87ms

NoMethodError (undefined method `name' for #<Cassandra::OrderedHash:0x00000005480760>):
  app/controllers/welcome_controller.rb:7:in `index'


  Rendered /var/lib/gems/1.9.1/gems/actionpack-4.0.1/lib/action_dispatch/middleware/templates/rescues/_source.erb (0.5ms)
  Rendered /var/lib/gems/1.9.1/gems/actionpack-4.0.1/lib/action_dispatch/middleware/templates/rescues/_trace.erb (0.9ms)
  Rendered /var/lib/gems/1.9.1/gems/actionpack-4.0.1/lib/action_dispatch/middleware/templates/rescues/_request_and_response.erb (0.9ms)
  Rendered /var/lib/gems/1.9.1/gems/actionpack-4.0.1/lib/action_dispatch/middleware/templates/rescues/diagnostics.erb within rescues/layout (10.5ms)


Started GET "/" for 71.23.137.99 at 2013-11-30 03:54:19 +0000
Processing by WelcomeController#index as HTML
{"delay"=>"@)\xFB\xDC\xB8=\xD9t"}
true
  Rendered welcome/index.html.erb within layouts/application (0.1ms)
Completed 200 OK in 140ms (Views: 2.9ms | ActiveRecord: 0.0ms)


Started GET "/assets/application.css?body=1" for 71.23.137.99 at 2013-11-30 03:54:19 +0000


Started GET "/assets/jquery.js?body=1" for 71.23.137.99 at 2013-11-30 03:54:19 +0000


Started GET "/assets/welcome.css?body=1" for 71.23.137.99 at 2013-11-30 03:54:19 +0000


Started GET "/assets/turbolinks.js?body=1" for 71.23.137.99 at 2013-11-30 03:54:19 +0000


Started GET "/assets/jquery_ujs.js?body=1" for 71.23.137.99 at 2013-11-30 03:54:19 +0000


Started GET "/assets/welcome.js?body=1" for 71.23.137.99 at 2013-11-30 03:54:19 +0000


Started GET "/assets/application.js?body=1" for 71.23.137.99 at 2013-11-30 03:54:19 +0000


Started GET "/" for 71.23.137.99 at 2013-11-30 03:55:54 +0000
Processing by WelcomeController#index as HTML
{"delay"=>"@)\xFB\xDC\xB8=\xD9t"}
true
  Rendered welcome/index.html.erb within layouts/application (5.8ms)
Completed 500 Internal Server Error in 107ms

ActionView::Template::Error (undefined local variable or method `delay' for #<#<Class:0x0000000514e7e0>:0x0000000545da08>):
    1: <h1>Welcome#index</h1>
    2: <p>Find me in app/views/welcome/index.html.erb</p>
    3: 
    4: <%= delay %>
  app/views/welcome/index.html.erb:4:in `_app_views_welcome_index_html_erb___2251634623951100607_44229140'


  Rendered /var/lib/gems/1.9.1/gems/actionpack-4.0.1/lib/action_dispatch/middleware/templates/rescues/_trace.erb (1.1ms)
  Rendered /var/lib/gems/1.9.1/gems/actionpack-4.0.1/lib/action_dispatch/middleware/templates/rescues/_request_and_response.erb (0.9ms)
  Rendered /var/lib/gems/1.9.1/gems/actionpack-4.0.1/lib/action_dispatch/middleware/templates/rescues/template_error.erb within rescues/layout (8.9ms)


Started GET "/" for 71.23.137.99 at 2013-11-30 03:56:11 +0000
Processing by WelcomeController#index as HTML
{"delay"=>"@)\xFB\xDC\xB8=\xD9t"}
true
  Rendered welcome/index.html.erb within layouts/application (0.4ms)
Completed 200 OK in 135ms (Views: 3.3ms | ActiveRecord: 0.0ms)


Started GET "/assets/application.css?body=1" for 71.23.137.99 at 2013-11-30 03:56:12 +0000


Started GET "/assets/welcome.css?body=1" for 71.23.137.99 at 2013-11-30 03:56:12 +0000


Started GET "/assets/jquery.js?body=1" for 71.23.137.99 at 2013-11-30 03:56:12 +0000


Started GET "/assets/jquery_ujs.js?body=1" for 71.23.137.99 at 2013-11-30 03:56:12 +0000


Started GET "/assets/turbolinks.js?body=1" for 71.23.137.99 at 2013-11-30 03:56:12 +0000


Started GET "/assets/welcome.js?body=1" for 71.23.137.99 at 2013-11-30 03:56:12 +0000


Started GET "/assets/application.js?body=1" for 71.23.137.99 at 2013-11-30 03:56:12 +0000


Started GET "/" for 71.23.137.99 at 2013-11-30 03:59:09 +0000
Processing by WelcomeController#index as HTML
{"delay"=>"@)\xFB\xDC\xB8=\xD9t"}
true
  Rendered welcome/index.html.erb within layouts/application (0.4ms)
Completed 200 OK in 87ms (Views: 2.7ms | ActiveRecord: 0.0ms)


Started GET "/assets/application.css?body=1" for 71.23.137.99 at 2013-11-30 03:59:09 +0000


Started GET "/assets/welcome.css?body=1" for 71.23.137.99 at 2013-11-30 03:59:09 +0000


Started GET "/assets/jquery.js?body=1" for 71.23.137.99 at 2013-11-30 03:59:09 +0000


Started GET "/assets/jquery_ujs.js?body=1" for 71.23.137.99 at 2013-11-30 03:59:09 +0000


Started GET "/assets/turbolinks.js?body=1" for 71.23.137.99 at 2013-11-30 03:59:09 +0000


Started GET "/assets/welcome.js?body=1" for 71.23.137.99 at 2013-11-30 03:59:09 +0000


Started GET "/assets/application.js?body=1" for 71.23.137.99 at 2013-11-30 03:59:09 +0000


Started GET "/" for 71.23.137.99 at 2013-11-30 03:59:21 +0000
Processing by WelcomeController#index as HTML
{"delay"=>"@)\xFB\xDC\xB8=\xD9t"}
true
  Rendered welcome/index.html.erb within layouts/application (0.4ms)
Completed 200 OK in 111ms (Views: 3.0ms | ActiveRecord: 0.0ms)


Started GET "/assets/application.css?body=1" for 71.23.137.99 at 2013-11-30 03:59:21 +0000


Started GET "/assets/welcome.css?body=1" for 71.23.137.99 at 2013-11-30 03:59:21 +0000


Started GET "/assets/jquery_ujs.js?body=1" for 71.23.137.99 at 2013-11-30 03:59:21 +0000


Started GET "/assets/jquery.js?body=1" for 71.23.137.99 at 2013-11-30 03:59:21 +0000


Started GET "/assets/turbolinks.js?body=1" for 71.23.137.99 at 2013-11-30 03:59:21 +0000


Started GET "/assets/welcome.js?body=1" for 71.23.137.99 at 2013-11-30 03:59:21 +0000


Started GET "/assets/application.js?body=1" for 71.23.137.99 at 2013-11-30 03:59:21 +0000


Started GET "/" for 71.23.137.99 at 2013-11-30 04:04:06 +0000
Processing by WelcomeController#index as HTML
{"delay"=>"@)\xC8\xFDo\xBC\xA4\x89"}
true
  Rendered welcome/index.html.erb within layouts/application (0.1ms)
Completed 200 OK in 92ms (Views: 2.7ms | ActiveRecord: 0.0ms)


Started GET "/assets/application.css?body=1" for 71.23.137.99 at 2013-11-30 04:04:06 +0000


Started GET "/assets/welcome.css?body=1" for 71.23.137.99 at 2013-11-30 04:04:06 +0000


Started GET "/assets/jquery.js?body=1" for 71.23.137.99 at 2013-11-30 04:04:06 +0000


Started GET "/assets/jquery_ujs.js?body=1" for 71.23.137.99 at 2013-11-30 04:04:06 +0000


Started GET "/assets/welcome.js?body=1" for 71.23.137.99 at 2013-11-30 04:04:06 +0000


Started GET "/assets/turbolinks.js?body=1" for 71.23.137.99 at 2013-11-30 04:04:06 +0000


Started GET "/assets/application.js?body=1" for 71.23.137.99 at 2013-11-30 04:04:06 +0000


Started GET "/" for 71.23.137.99 at 2013-11-30 04:04:36 +0000

SyntaxError (/home/mmeyer/delays/app/controllers/welcome_controller.rb:6: syntax error, unexpected ')', expecting keyword_end):
  activesupport (4.0.1) lib/active_support/dependencies.rb:424:in `load'
  activesupport (4.0.1) lib/active_support/dependencies.rb:424:in `block in load_file'
  activesupport (4.0.1) lib/active_support/dependencies.rb:616:in `new_constants_in'
  activesupport (4.0.1) lib/active_support/dependencies.rb:423:in `load_file'
  activesupport (4.0.1) lib/active_support/dependencies.rb:324:in `require_or_load'
  activesupport (4.0.1) lib/active_support/dependencies.rb:463:in `load_missing_constant'
  activesupport (4.0.1) lib/active_support/dependencies.rb:184:in `const_missing'
  activesupport (4.0.1) lib/active_support/inflector/methods.rb:226:in `const_get'
  activesupport (4.0.1) lib/active_support/inflector/methods.rb:226:in `block in constantize'
  activesupport (4.0.1) lib/active_support/inflector/methods.rb:224:in `each'
  activesupport (4.0.1) lib/active_support/inflector/methods.rb:224:in `inject'
  activesupport (4.0.1) lib/active_support/inflector/methods.rb:224:in `constantize'
  activesupport (4.0.1) lib/active_support/dependencies.rb:535:in `get'
  activesupport (4.0.1) lib/active_support/dependencies.rb:566:in `constantize'
  actionpack (4.0.1) lib/action_dispatch/routing/route_set.rb:76:in `controller_reference'
  actionpack (4.0.1) lib/action_dispatch/routing/route_set.rb:66:in `controller'
  actionpack (4.0.1) lib/action_dispatch/routing/route_set.rb:44:in `call'
  actionpack (4.0.1) lib/action_dispatch/journey/router.rb:71:in `block in call'
  actionpack (4.0.1) lib/action_dispatch/journey/router.rb:59:in `each'
  actionpack (4.0.1) lib/action_dispatch/journey/router.rb:59:in `call'
  actionpack (4.0.1) lib/action_dispatch/routing/route_set.rb:680:in `call'
  rack (1.5.2) lib/rack/etag.rb:23:in `call'
  rack (1.5.2) lib/rack/conditionalget.rb:25:in `call'
  rack (1.5.2) lib/rack/head.rb:11:in `call'
  actionpack (4.0.1) lib/action_dispatch/middleware/params_parser.rb:27:in `call'
  actionpack (4.0.1) lib/action_dispatch/middleware/flash.rb:241:in `call'
  rack (1.5.2) lib/rack/session/abstract/id.rb:225:in `context'
  rack (1.5.2) lib/rack/session/abstract/id.rb:220:in `call'
  actionpack (4.0.1) lib/action_dispatch/middleware/cookies.rb:486:in `call'
  activerecord (4.0.1) lib/active_record/query_cache.rb:36:in `call'
  activerecord (4.0.1) lib/active_record/connection_adapters/abstract/connection_pool.rb:626:in `call'
  activerecord (4.0.1) lib/active_record/migration.rb:369:in `call'
  actionpack (4.0.1) lib/action_dispatch/middleware/callbacks.rb:29:in `block in call'
  activesupport (4.0.1) lib/active_support/callbacks.rb:373:in `_run__1635686243119057976__call__callbacks'
  activesupport (4.0.1) lib/active_support/callbacks.rb:80:in `run_callbacks'
  actionpack (4.0.1) lib/action_dispatch/middleware/callbacks.rb:27:in `call'
  actionpack (4.0.1) lib/action_dispatch/middleware/reloader.rb:64:in `call'
  actionpack (4.0.1) lib/action_dispatch/middleware/remote_ip.rb:76:in `call'
  actionpack (4.0.1) lib/action_dispatch/middleware/debug_exceptions.rb:17:in `call'
  actionpack (4.0.1) lib/action_dispatch/middleware/show_exceptions.rb:30:in `call'
  railties (4.0.1) lib/rails/rack/logger.rb:38:in `call_app'
  railties (4.0.1) lib/rails/rack/logger.rb:20:in `block in call'
  activesupport (4.0.1) lib/active_support/tagged_logging.rb:67:in `block in tagged'
  activesupport (4.0.1) lib/active_support/tagged_logging.rb:25:in `tagged'
  activesupport (4.0.1) lib/active_support/tagged_logging.rb:67:in `tagged'
  railties (4.0.1) lib/rails/rack/logger.rb:20:in `call'
  actionpack (4.0.1) lib/action_dispatch/middleware/request_id.rb:21:in `call'
  rack (1.5.2) lib/rack/methodoverride.rb:21:in `call'
  rack (1.5.2) lib/rack/runtime.rb:17:in `call'
  activesupport (4.0.1) lib/active_support/cache/strategy/local_cache.rb:83:in `call'
  rack (1.5.2) lib/rack/lock.rb:17:in `call'
  actionpack (4.0.1) lib/action_dispatch/middleware/static.rb:64:in `call'
  rack (1.5.2) lib/rack/sendfile.rb:112:in `call'
  railties (4.0.1) lib/rails/engine.rb:511:in `call'
  railties (4.0.1) lib/rails/application.rb:97:in `call'
  rack (1.5.2) lib/rack/lock.rb:17:in `call'
  rack (1.5.2) lib/rack/content_length.rb:14:in `call'
  rack (1.5.2) lib/rack/handler/webrick.rb:60:in `service'
  /usr/lib/ruby/1.9.1/webrick/httpserver.rb:138:in `service'
  /usr/lib/ruby/1.9.1/webrick/httpserver.rb:94:in `run'
  /usr/lib/ruby/1.9.1/webrick/server.rb:191:in `block in start_thread'


  Rendered /var/lib/gems/1.9.1/gems/actionpack-4.0.1/lib/action_dispatch/middleware/templates/rescues/_source.erb (0.5ms)
  Rendered /var/lib/gems/1.9.1/gems/actionpack-4.0.1/lib/action_dispatch/middleware/templates/rescues/_trace.erb (0.9ms)
  Rendered /var/lib/gems/1.9.1/gems/actionpack-4.0.1/lib/action_dispatch/middleware/templates/rescues/_request_and_response.erb (1.1ms)
  Rendered /var/lib/gems/1.9.1/gems/actionpack-4.0.1/lib/action_dispatch/middleware/templates/rescues/diagnostics.erb within rescues/layout (11.2ms)


Started GET "/" for 71.23.137.99 at 2013-11-30 04:04:39 +0000
Processing by WelcomeController#index as HTML
{"delay"=>"@)\xC8\xFDo\xBC\xA4\x89"}
true
  Rendered welcome/index.html.erb within layouts/application (0.1ms)
Completed 200 OK in 104ms (Views: 3.0ms | ActiveRecord: 0.0ms)


Started GET "/assets/application.css?body=1" for 71.23.137.99 at 2013-11-30 04:04:40 +0000


Started GET "/assets/jquery.js?body=1" for 71.23.137.99 at 2013-11-30 04:04:40 +0000


Started GET "/assets/welcome.css?body=1" for 71.23.137.99 at 2013-11-30 04:04:40 +0000


Started GET "/assets/jquery_ujs.js?body=1" for 71.23.137.99 at 2013-11-30 04:04:40 +0000


Started GET "/assets/turbolinks.js?body=1" for 71.23.137.99 at 2013-11-30 04:04:40 +0000


Started GET "/assets/welcome.js?body=1" for 71.23.137.99 at 2013-11-30 04:04:40 +0000


Started GET "/assets/application.js?body=1" for 71.23.137.99 at 2013-11-30 04:04:40 +0000


Started GET "/" for 71.23.137.99 at 2013-11-30 04:06:55 +0000
Processing by WelcomeController#index as HTML
{"delay"=>"@)\xC8\xFDo\xBC\xA4\x89"}
true
  Rendered welcome/index.html.erb within layouts/application (0.8ms)
Completed 500 Internal Server Error in 99ms

ActionView::Template::Error (undefined method `delay' for #<Cassandra::OrderedHash:0x00000004d74688>):
    2: <p>Find me in app/views/welcome/index.html.erb</p>
    3: 
    4: <pre>
    5:   <%= @delay.delay %>
    6: </pre>
  app/views/welcome/index.html.erb:5:in `_app_views_welcome_index_html_erb___2251634623951100607_40630000'


  Rendered /var/lib/gems/1.9.1/gems/actionpack-4.0.1/lib/action_dispatch/middleware/templates/rescues/_trace.erb (0.9ms)
  Rendered /var/lib/gems/1.9.1/gems/actionpack-4.0.1/lib/action_dispatch/middleware/templates/rescues/_request_and_response.erb (0.7ms)
  Rendered /var/lib/gems/1.9.1/gems/actionpack-4.0.1/lib/action_dispatch/middleware/templates/rescues/template_error.erb within rescues/layout (7.3ms)


Started GET "/" for 71.23.137.99 at 2013-11-30 04:07:11 +0000
Processing by WelcomeController#index as HTML
{"delay"=>"@)\xC8\xFDo\xBC\xA4\x89"}
true
ERROR: compiling _app_views_welcome_index_html_erb___2251634623951100607_44470640 RAISED /home/mmeyer/delays/app/views/welcome/index.html.erb:5: syntax error, unexpected tASSOC, expecting ')'
...output_buffer.append=( @delay=>delay );@output_buffer.safe_a...
...                               ^
Function body:           def _app_views_welcome_index_html_erb___2251634623951100607_44470640(local_assigns, output_buffer)
            _old_virtual_path, @virtual_path = @virtual_path, "welcome/index";_old_output_buffer = @output_buffer;;@output_buffer = output_buffer || ActionView::OutputBuffer.new;@output_buffer.safe_append='<h1>Welcome#index</h1>
<p>Find me in app/views/welcome/index.html.erb</p>

<pre>
  ';@output_buffer.append=( @delay=>delay );@output_buffer.safe_append='
</pre>

';@output_buffer.to_s
          ensure
            @virtual_path, @output_buffer = _old_virtual_path, _old_output_buffer
          end

Backtrace: /var/lib/gems/1.9.1/gems/actionpack-4.0.1/lib/action_view/template.rb:299:in `module_eval'
/var/lib/gems/1.9.1/gems/actionpack-4.0.1/lib/action_view/template.rb:299:in `compile'
/var/lib/gems/1.9.1/gems/actionpack-4.0.1/lib/action_view/template.rb:248:in `block in compile!'
<internal:prelude>:10:in `synchronize'
/var/lib/gems/1.9.1/gems/actionpack-4.0.1/lib/action_view/template.rb:236:in `compile!'
/var/lib/gems/1.9.1/gems/actionpack-4.0.1/lib/action_view/template.rb:142:in `block in render'
/var/lib/gems/1.9.1/gems/activesupport-4.0.1/lib/active_support/notifications.rb:161:in `instrument'
/var/lib/gems/1.9.1/gems/actionpack-4.0.1/lib/action_view/template.rb:141:in `render'
/var/lib/gems/1.9.1/gems/actionpack-4.0.1/lib/action_view/renderer/template_renderer.rb:49:in `block (2 levels) in render_template'
/var/lib/gems/1.9.1/gems/actionpack-4.0.1/lib/action_view/renderer/abstract_renderer.rb:38:in `block in instrument'
/var/lib/gems/1.9.1/gems/activesupport-4.0.1/lib/active_support/notifications.rb:159:in `block in instrument'
/var/lib/gems/1.9.1/gems/activesupport-4.0.1/lib/active_support/notifications/instrumenter.rb:20:in `instrument'
/var/lib/gems/1.9.1/gems/activesupport-4.0.1/lib/active_support/notifications.rb:159:in `instrument'
/var/lib/gems/1.9.1/gems/actionpack-4.0.1/lib/action_view/renderer/abstract_renderer.rb:38:in `instrument'
/var/lib/gems/1.9.1/gems/actionpack-4.0.1/lib/action_view/renderer/template_renderer.rb:48:in `block in render_template'
/var/lib/gems/1.9.1/gems/actionpack-4.0.1/lib/action_view/renderer/template_renderer.rb:56:in `render_with_layout'
/var/lib/gems/1.9.1/gems/actionpack-4.0.1/lib/action_view/renderer/template_renderer.rb:47:in `render_template'
/var/lib/gems/1.9.1/gems/actionpack-4.0.1/lib/action_view/renderer/template_renderer.rb:17:in `render'
/var/lib/gems/1.9.1/gems/actionpack-4.0.1/lib/action_view/renderer/renderer.rb:42:in `render_template'
/var/lib/gems/1.9.1/gems/actionpack-4.0.1/lib/action_view/renderer/renderer.rb:23:in `render'
/var/lib/gems/1.9.1/gems/actionpack-4.0.1/lib/abstract_controller/rendering.rb:127:in `_render_template'
/var/lib/gems/1.9.1/gems/actionpack-4.0.1/lib/action_controller/metal/streaming.rb:219:in `_render_template'
/var/lib/gems/1.9.1/gems/actionpack-4.0.1/lib/abstract_controller/rendering.rb:120:in `render_to_body'
/var/lib/gems/1.9.1/gems/actionpack-4.0.1/lib/action_controller/metal/rendering.rb:33:in `render_to_body'
/var/lib/gems/1.9.1/gems/actionpack-4.0.1/lib/action_controller/metal/renderers.rb:26:in `render_to_body'
/var/lib/gems/1.9.1/gems/actionpack-4.0.1/lib/abstract_controller/rendering.rb:97:in `render'
/var/lib/gems/1.9.1/gems/actionpack-4.0.1/lib/action_controller/metal/rendering.rb:16:in `render'
/var/lib/gems/1.9.1/gems/actionpack-4.0.1/lib/action_controller/metal/instrumentation.rb:41:in `block (2 levels) in render'
/var/lib/gems/1.9.1/gems/activesupport-4.0.1/lib/active_support/core_ext/benchmark.rb:12:in `block in ms'
/usr/lib/ruby/1.9.1/benchmark.rb:295:in `realtime'
/var/lib/gems/1.9.1/gems/activesupport-4.0.1/lib/active_support/core_ext/benchmark.rb:12:in `ms'
/var/lib/gems/1.9.1/gems/actionpack-4.0.1/lib/action_controller/metal/instrumentation.rb:41:in `block in render'
/var/lib/gems/1.9.1/gems/actionpack-4.0.1/lib/action_controller/metal/instrumentation.rb:84:in `cleanup_view_runtime'
/var/lib/gems/1.9.1/gems/activerecord-4.0.1/lib/active_record/railties/controller_runtime.rb:25:in `cleanup_view_runtime'
/var/lib/gems/1.9.1/gems/actionpack-4.0.1/lib/action_controller/metal/instrumentation.rb:40:in `render'
/var/lib/gems/1.9.1/gems/actionpack-4.0.1/lib/action_controller/metal/implicit_render.rb:10:in `default_render'
/var/lib/gems/1.9.1/gems/actionpack-4.0.1/lib/action_controller/metal/implicit_render.rb:5:in `send_action'
/var/lib/gems/1.9.1/gems/actionpack-4.0.1/lib/abstract_controller/base.rb:189:in `process_action'
/var/lib/gems/1.9.1/gems/actionpack-4.0.1/lib/action_controller/metal/rendering.rb:10:in `process_action'
/var/lib/gems/1.9.1/gems/actionpack-4.0.1/lib/abstract_controller/callbacks.rb:18:in `block in process_action'
/var/lib/gems/1.9.1/gems/activesupport-4.0.1/lib/active_support/callbacks.rb:403:in `_run__1563579778210122381__process_action__callbacks'
/var/lib/gems/1.9.1/gems/activesupport-4.0.1/lib/active_support/callbacks.rb:80:in `run_callbacks'
/var/lib/gems/1.9.1/gems/actionpack-4.0.1/lib/abstract_controller/callbacks.rb:17:in `process_action'
/var/lib/gems/1.9.1/gems/actionpack-4.0.1/lib/action_controller/metal/rescue.rb:29:in `process_action'
/var/lib/gems/1.9.1/gems/actionpack-4.0.1/lib/action_controller/metal/instrumentation.rb:31:in `block in process_action'
/var/lib/gems/1.9.1/gems/activesupport-4.0.1/lib/active_support/notifications.rb:159:in `block in instrument'
/var/lib/gems/1.9.1/gems/activesupport-4.0.1/lib/active_support/notifications/instrumenter.rb:20:in `instrument'
/var/lib/gems/1.9.1/gems/activesupport-4.0.1/lib/active_support/notifications.rb:159:in `instrument'
/var/lib/gems/1.9.1/gems/actionpack-4.0.1/lib/action_controller/metal/instrumentation.rb:30:in `process_action'
/var/lib/gems/1.9.1/gems/actionpack-4.0.1/lib/action_controller/metal/params_wrapper.rb:245:in `process_action'
/var/lib/gems/1.9.1/gems/activerecord-4.0.1/lib/active_record/railties/controller_runtime.rb:18:in `process_action'
/var/lib/gems/1.9.1/gems/actionpack-4.0.1/lib/abstract_controller/base.rb:136:in `process'
/var/lib/gems/1.9.1/gems/actionpack-4.0.1/lib/abstract_controller/rendering.rb:44:in `process'
/var/lib/gems/1.9.1/gems/actionpack-4.0.1/lib/action_controller/metal.rb:195:in `dispatch'
/var/lib/gems/1.9.1/gems/actionpack-4.0.1/lib/action_controller/metal/rack_delegation.rb:13:in `dispatch'
/var/lib/gems/1.9.1/gems/actionpack-4.0.1/lib/action_controller/metal.rb:231:in `block in action'
/var/lib/gems/1.9.1/gems/actionpack-4.0.1/lib/action_dispatch/routing/route_set.rb:80:in `call'
/var/lib/gems/1.9.1/gems/actionpack-4.0.1/lib/action_dispatch/routing/route_set.rb:80:in `dispatch'
/var/lib/gems/1.9.1/gems/actionpack-4.0.1/lib/action_dispatch/routing/route_set.rb:48:in `call'
/var/lib/gems/1.9.1/gems/actionpack-4.0.1/lib/action_dispatch/journey/router.rb:71:in `block in call'
/var/lib/gems/1.9.1/gems/actionpack-4.0.1/lib/action_dispatch/journey/router.rb:59:in `each'
/var/lib/gems/1.9.1/gems/actionpack-4.0.1/lib/action_dispatch/journey/router.rb:59:in `call'
/var/lib/gems/1.9.1/gems/actionpack-4.0.1/lib/action_dispatch/routing/route_set.rb:680:in `call'
/var/lib/gems/1.9.1/gems/rack-1.5.2/lib/rack/etag.rb:23:in `call'
/var/lib/gems/1.9.1/gems/rack-1.5.2/lib/rack/conditionalget.rb:25:in `call'
/var/lib/gems/1.9.1/gems/rack-1.5.2/lib/rack/head.rb:11:in `call'
/var/lib/gems/1.9.1/gems/actionpack-4.0.1/lib/action_dispatch/middleware/params_parser.rb:27:in `call'
/var/lib/gems/1.9.1/gems/actionpack-4.0.1/lib/action_dispatch/middleware/flash.rb:241:in `call'
/var/lib/gems/1.9.1/gems/rack-1.5.2/lib/rack/session/abstract/id.rb:225:in `context'
/var/lib/gems/1.9.1/gems/rack-1.5.2/lib/rack/session/abstract/id.rb:220:in `call'
/var/lib/gems/1.9.1/gems/actionpack-4.0.1/lib/action_dispatch/middleware/cookies.rb:486:in `call'
/var/lib/gems/1.9.1/gems/activerecord-4.0.1/lib/active_record/query_cache.rb:36:in `call'
/var/lib/gems/1.9.1/gems/activerecord-4.0.1/lib/active_record/connection_adapters/abstract/connection_pool.rb:626:in `call'
/var/lib/gems/1.9.1/gems/activerecord-4.0.1/lib/active_record/migration.rb:369:in `call'
/var/lib/gems/1.9.1/gems/actionpack-4.0.1/lib/action_dispatch/middleware/callbacks.rb:29:in `block in call'
/var/lib/gems/1.9.1/gems/activesupport-4.0.1/lib/active_support/callbacks.rb:373:in `_run__1635686243119057976__call__callbacks'
/var/lib/gems/1.9.1/gems/activesupport-4.0.1/lib/active_support/callbacks.rb:80:in `run_callbacks'
/var/lib/gems/1.9.1/gems/actionpack-4.0.1/lib/action_dispatch/middleware/callbacks.rb:27:in `call'
/var/lib/gems/1.9.1/gems/actionpack-4.0.1/lib/action_dispatch/middleware/reloader.rb:64:in `call'
/var/lib/gems/1.9.1/gems/actionpack-4.0.1/lib/action_dispatch/middleware/remote_ip.rb:76:in `call'
/var/lib/gems/1.9.1/gems/actionpack-4.0.1/lib/action_dispatch/middleware/debug_exceptions.rb:17:in `call'
/var/lib/gems/1.9.1/gems/actionpack-4.0.1/lib/action_dispatch/middleware/show_exceptions.rb:30:in `call'
/var/lib/gems/1.9.1/gems/railties-4.0.1/lib/rails/rack/logger.rb:38:in `call_app'
/var/lib/gems/1.9.1/gems/railties-4.0.1/lib/rails/rack/logger.rb:20:in `block in call'
/var/lib/gems/1.9.1/gems/activesupport-4.0.1/lib/active_support/tagged_logging.rb:67:in `block in tagged'
/var/lib/gems/1.9.1/gems/activesupport-4.0.1/lib/active_support/tagged_logging.rb:25:in `tagged'
/var/lib/gems/1.9.1/gems/activesupport-4.0.1/lib/active_support/tagged_logging.rb:67:in `tagged'
/var/lib/gems/1.9.1/gems/railties-4.0.1/lib/rails/rack/logger.rb:20:in `call'
/var/lib/gems/1.9.1/gems/actionpack-4.0.1/lib/action_dispatch/middleware/request_id.rb:21:in `call'
/var/lib/gems/1.9.1/gems/rack-1.5.2/lib/rack/methodoverride.rb:21:in `call'
/var/lib/gems/1.9.1/gems/rack-1.5.2/lib/rack/runtime.rb:17:in `call'
/var/lib/gems/1.9.1/gems/activesupport-4.0.1/lib/active_support/cache/strategy/local_cache.rb:83:in `call'
/var/lib/gems/1.9.1/gems/rack-1.5.2/lib/rack/lock.rb:17:in `call'
/var/lib/gems/1.9.1/gems/actionpack-4.0.1/lib/action_dispatch/middleware/static.rb:64:in `call'
/var/lib/gems/1.9.1/gems/rack-1.5.2/lib/rack/sendfile.rb:112:in `call'
/var/lib/gems/1.9.1/gems/railties-4.0.1/lib/rails/engine.rb:511:in `call'
/var/lib/gems/1.9.1/gems/railties-4.0.1/lib/rails/application.rb:97:in `call'
/var/lib/gems/1.9.1/gems/rack-1.5.2/lib/rack/lock.rb:17:in `call'
/var/lib/gems/1.9.1/gems/rack-1.5.2/lib/rack/content_length.rb:14:in `call'
/var/lib/gems/1.9.1/gems/rack-1.5.2/lib/rack/handler/webrick.rb:60:in `service'
/usr/lib/ruby/1.9.1/webrick/httpserver.rb:138:in `service'
/usr/lib/ruby/1.9.1/webrick/httpserver.rb:94:in `run'
/usr/lib/ruby/1.9.1/webrick/server.rb:191:in `block in start_thread'
  Rendered welcome/index.html.erb within layouts/application (1.0ms)
Completed 500 Internal Server Error in 91ms

ActionView::Template::Error (/home/mmeyer/delays/app/views/welcome/index.html.erb:5: syntax error, unexpected tASSOC, expecting ')'
...output_buffer.append=( @delay=>delay );@output_buffer.safe_a...
...                               ^):
    2: <p>Find me in app/views/welcome/index.html.erb</p>
    3: 
    4: <pre>
    5:   <%= @delay=>delay %>
    6: </pre>
  actionpack (4.0.1) lib/action_view/template.rb:299:in `module_eval'
  actionpack (4.0.1) lib/action_view/template.rb:299:in `compile'
  actionpack (4.0.1) lib/action_view/template.rb:248:in `block in compile!'
  <internal:prelude>:10:in `synchronize'
  actionpack (4.0.1) lib/action_view/template.rb:236:in `compile!'
  actionpack (4.0.1) lib/action_view/template.rb:142:in `block in render'
  activesupport (4.0.1) lib/active_support/notifications.rb:161:in `instrument'
  actionpack (4.0.1) lib/action_view/template.rb:141:in `render'
  actionpack (4.0.1) lib/action_view/renderer/template_renderer.rb:49:in `block (2 levels) in render_template'
  actionpack (4.0.1) lib/action_view/renderer/abstract_renderer.rb:38:in `block in instrument'
  activesupport (4.0.1) lib/active_support/notifications.rb:159:in `block in instrument'
  activesupport (4.0.1) lib/active_support/notifications/instrumenter.rb:20:in `instrument'
  activesupport (4.0.1) lib/active_support/notifications.rb:159:in `instrument'
  actionpack (4.0.1) lib/action_view/renderer/abstract_renderer.rb:38:in `instrument'
  actionpack (4.0.1) lib/action_view/renderer/template_renderer.rb:48:in `block in render_template'
  actionpack (4.0.1) lib/action_view/renderer/template_renderer.rb:56:in `render_with_layout'
  actionpack (4.0.1) lib/action_view/renderer/template_renderer.rb:47:in `render_template'
  actionpack (4.0.1) lib/action_view/renderer/template_renderer.rb:17:in `render'
  actionpack (4.0.1) lib/action_view/renderer/renderer.rb:42:in `render_template'
  actionpack (4.0.1) lib/action_view/renderer/renderer.rb:23:in `render'
  actionpack (4.0.1) lib/abstract_controller/rendering.rb:127:in `_render_template'
  actionpack (4.0.1) lib/action_controller/metal/streaming.rb:219:in `_render_template'
  actionpack (4.0.1) lib/abstract_controller/rendering.rb:120:in `render_to_body'
  actionpack (4.0.1) lib/action_controller/metal/rendering.rb:33:in `render_to_body'
  actionpack (4.0.1) lib/action_controller/metal/renderers.rb:26:in `render_to_body'
  actionpack (4.0.1) lib/abstract_controller/rendering.rb:97:in `render'
  actionpack (4.0.1) lib/action_controller/metal/rendering.rb:16:in `render'
  actionpack (4.0.1) lib/action_controller/metal/instrumentation.rb:41:in `block (2 levels) in render'
  activesupport (4.0.1) lib/active_support/core_ext/benchmark.rb:12:in `block in ms'
  /usr/lib/ruby/1.9.1/benchmark.rb:295:in `realtime'
  activesupport (4.0.1) lib/active_support/core_ext/benchmark.rb:12:in `ms'
  actionpack (4.0.1) lib/action_controller/metal/instrumentation.rb:41:in `block in render'
  actionpack (4.0.1) lib/action_controller/metal/instrumentation.rb:84:in `cleanup_view_runtime'
  activerecord (4.0.1) lib/active_record/railties/controller_runtime.rb:25:in `cleanup_view_runtime'
  actionpack (4.0.1) lib/action_controller/metal/instrumentation.rb:40:in `render'
  actionpack (4.0.1) lib/action_controller/metal/implicit_render.rb:10:in `default_render'
  actionpack (4.0.1) lib/action_controller/metal/implicit_render.rb:5:in `send_action'
  actionpack (4.0.1) lib/abstract_controller/base.rb:189:in `process_action'
  actionpack (4.0.1) lib/action_controller/metal/rendering.rb:10:in `process_action'
  actionpack (4.0.1) lib/abstract_controller/callbacks.rb:18:in `block in process_action'
  activesupport (4.0.1) lib/active_support/callbacks.rb:403:in `_run__1563579778210122381__process_action__callbacks'
  activesupport (4.0.1) lib/active_support/callbacks.rb:80:in `run_callbacks'
  actionpack (4.0.1) lib/abstract_controller/callbacks.rb:17:in `process_action'
  actionpack (4.0.1) lib/action_controller/metal/rescue.rb:29:in `process_action'
  actionpack (4.0.1) lib/action_controller/metal/instrumentation.rb:31:in `block in process_action'
  activesupport (4.0.1) lib/active_support/notifications.rb:159:in `block in instrument'
  activesupport (4.0.1) lib/active_support/notifications/instrumenter.rb:20:in `instrument'
  activesupport (4.0.1) lib/active_support/notifications.rb:159:in `instrument'
  actionpack (4.0.1) lib/action_controller/metal/instrumentation.rb:30:in `process_action'
  actionpack (4.0.1) lib/action_controller/metal/params_wrapper.rb:245:in `process_action'
  activerecord (4.0.1) lib/active_record/railties/controller_runtime.rb:18:in `process_action'
  actionpack (4.0.1) lib/abstract_controller/base.rb:136:in `process'
  actionpack (4.0.1) lib/abstract_controller/rendering.rb:44:in `process'
  actionpack (4.0.1) lib/action_controller/metal.rb:195:in `dispatch'
  actionpack (4.0.1) lib/action_controller/metal/rack_delegation.rb:13:in `dispatch'
  actionpack (4.0.1) lib/action_controller/metal.rb:231:in `block in action'
  actionpack (4.0.1) lib/action_dispatch/routing/route_set.rb:80:in `call'
  actionpack (4.0.1) lib/action_dispatch/routing/route_set.rb:80:in `dispatch'
  actionpack (4.0.1) lib/action_dispatch/routing/route_set.rb:48:in `call'
  actionpack (4.0.1) lib/action_dispatch/journey/router.rb:71:in `block in call'
  actionpack (4.0.1) lib/action_dispatch/journey/router.rb:59:in `each'
  actionpack (4.0.1) lib/action_dispatch/journey/router.rb:59:in `call'
  actionpack (4.0.1) lib/action_dispatch/routing/route_set.rb:680:in `call'
  rack (1.5.2) lib/rack/etag.rb:23:in `call'
  rack (1.5.2) lib/rack/conditionalget.rb:25:in `call'
  rack (1.5.2) lib/rack/head.rb:11:in `call'
  actionpack (4.0.1) lib/action_dispatch/middleware/params_parser.rb:27:in `call'
  actionpack (4.0.1) lib/action_dispatch/middleware/flash.rb:241:in `call'
  rack (1.5.2) lib/rack/session/abstract/id.rb:225:in `context'
  rack (1.5.2) lib/rack/session/abstract/id.rb:220:in `call'
  actionpack (4.0.1) lib/action_dispatch/middleware/cookies.rb:486:in `call'
  activerecord (4.0.1) lib/active_record/query_cache.rb:36:in `call'
  activerecord (4.0.1) lib/active_record/connection_adapters/abstract/connection_pool.rb:626:in `call'
  activerecord (4.0.1) lib/active_record/migration.rb:369:in `call'
  actionpack (4.0.1) lib/action_dispatch/middleware/callbacks.rb:29:in `block in call'
  activesupport (4.0.1) lib/active_support/callbacks.rb:373:in `_run__1635686243119057976__call__callbacks'
  activesupport (4.0.1) lib/active_support/callbacks.rb:80:in `run_callbacks'
  actionpack (4.0.1) lib/action_dispatch/middleware/callbacks.rb:27:in `call'
  actionpack (4.0.1) lib/action_dispatch/middleware/reloader.rb:64:in `call'
  actionpack (4.0.1) lib/action_dispatch/middleware/remote_ip.rb:76:in `call'
  actionpack (4.0.1) lib/action_dispatch/middleware/debug_exceptions.rb:17:in `call'
  actionpack (4.0.1) lib/action_dispatch/middleware/show_exceptions.rb:30:in `call'
  railties (4.0.1) lib/rails/rack/logger.rb:38:in `call_app'
  railties (4.0.1) lib/rails/rack/logger.rb:20:in `block in call'
  activesupport (4.0.1) lib/active_support/tagged_logging.rb:67:in `block in tagged'
  activesupport (4.0.1) lib/active_support/tagged_logging.rb:25:in `tagged'
  activesupport (4.0.1) lib/active_support/tagged_logging.rb:67:in `tagged'
  railties (4.0.1) lib/rails/rack/logger.rb:20:in `call'
  actionpack (4.0.1) lib/action_dispatch/middleware/request_id.rb:21:in `call'
  rack (1.5.2) lib/rack/methodoverride.rb:21:in `call'
  rack (1.5.2) lib/rack/runtime.rb:17:in `call'
  activesupport (4.0.1) lib/active_support/cache/strategy/local_cache.rb:83:in `call'
  rack (1.5.2) lib/rack/lock.rb:17:in `call'
  actionpack (4.0.1) lib/action_dispatch/middleware/static.rb:64:in `call'
  rack (1.5.2) lib/rack/sendfile.rb:112:in `call'
  railties (4.0.1) lib/rails/engine.rb:511:in `call'
  railties (4.0.1) lib/rails/application.rb:97:in `call'
  rack (1.5.2) lib/rack/lock.rb:17:in `call'
  rack (1.5.2) lib/rack/content_length.rb:14:in `call'
  rack (1.5.2) lib/rack/handler/webrick.rb:60:in `service'
  /usr/lib/ruby/1.9.1/webrick/httpserver.rb:138:in `service'
  /usr/lib/ruby/1.9.1/webrick/httpserver.rb:94:in `run'
  /usr/lib/ruby/1.9.1/webrick/server.rb:191:in `block in start_thread'


  Rendered /var/lib/gems/1.9.1/gems/actionpack-4.0.1/lib/action_dispatch/middleware/templates/rescues/_trace.erb (1.7ms)
  Rendered /var/lib/gems/1.9.1/gems/actionpack-4.0.1/lib/action_dispatch/middleware/templates/rescues/_request_and_response.erb (0.8ms)
  Rendered /var/lib/gems/1.9.1/gems/actionpack-4.0.1/lib/action_dispatch/middleware/templates/rescues/template_error.erb within rescues/layout (25.7ms)


Started GET "/" for 71.23.137.99 at 2013-11-30 04:07:37 +0000
Processing by WelcomeController#index as HTML
{"delay"=>"@)\xC8\xFDo\xBC\xA4\x89"}
true
  Rendered welcome/index.html.erb within layouts/application (5.1ms)
Completed 500 Internal Server Error in 122ms

ActionView::Template::Error (undefined local variable or method `delay' for #<#<Class:0x000000055c7240>:0x0000000515a248>):
    2: <p>Find me in app/views/welcome/index.html.erb</p>
    3: 
    4: <pre>
    5:   <%= @delay[delay] %>
    6: </pre>
  app/views/welcome/index.html.erb:5:in `_app_views_welcome_index_html_erb___2251634623951100607_41645360'


  Rendered /var/lib/gems/1.9.1/gems/actionpack-4.0.1/lib/action_dispatch/middleware/templates/rescues/_trace.erb (0.9ms)
  Rendered /var/lib/gems/1.9.1/gems/actionpack-4.0.1/lib/action_dispatch/middleware/templates/rescues/_request_and_response.erb (0.7ms)
  Rendered /var/lib/gems/1.9.1/gems/actionpack-4.0.1/lib/action_dispatch/middleware/templates/rescues/template_error.erb within rescues/layout (7.5ms)


Started GET "/" for 71.23.137.99 at 2013-11-30 04:07:49 +0000
Processing by WelcomeController#index as HTML
{"delay"=>"@)\xC8\xFDo\xBC\xA4\x89"}
true
  Rendered welcome/index.html.erb within layouts/application (0.4ms)
Completed 200 OK in 92ms (Views: 2.9ms | ActiveRecord: 0.0ms)


Started GET "/assets/application.css?body=1" for 71.23.137.99 at 2013-11-30 04:07:49 +0000


Started GET "/assets/welcome.css?body=1" for 71.23.137.99 at 2013-11-30 04:07:49 +0000


Started GET "/assets/jquery.js?body=1" for 71.23.137.99 at 2013-11-30 04:07:49 +0000


Started GET "/assets/jquery_ujs.js?body=1" for 71.23.137.99 at 2013-11-30 04:07:49 +0000


Started GET "/assets/turbolinks.js?body=1" for 71.23.137.99 at 2013-11-30 04:07:49 +0000


Started GET "/assets/welcome.js?body=1" for 71.23.137.99 at 2013-11-30 04:07:49 +0000


Started GET "/assets/application.js?body=1" for 71.23.137.99 at 2013-11-30 04:07:49 +0000


Started GET "/" for 71.23.137.99 at 2013-11-30 04:07:53 +0000
Processing by WelcomeController#index as HTML
{"delay"=>"@)\xC8\xFDo\xBC\xA4\x89"}
true
  Rendered welcome/index.html.erb within layouts/application (0.1ms)
Completed 200 OK in 116ms (Views: 2.7ms | ActiveRecord: 0.0ms)


Started GET "/assets/application.css?body=1" for 71.23.137.99 at 2013-11-30 04:07:53 +0000


Started GET "/assets/welcome.css?body=1" for 71.23.137.99 at 2013-11-30 04:07:53 +0000


Started GET "/assets/jquery.js?body=1" for 71.23.137.99 at 2013-11-30 04:07:53 +0000


Started GET "/assets/jquery_ujs.js?body=1" for 71.23.137.99 at 2013-11-30 04:07:53 +0000


Started GET "/assets/turbolinks.js?body=1" for 71.23.137.99 at 2013-11-30 04:07:53 +0000


Started GET "/assets/welcome.js?body=1" for 71.23.137.99 at 2013-11-30 04:07:53 +0000


Started GET "/assets/application.js?body=1" for 71.23.137.99 at 2013-11-30 04:07:53 +0000


Started GET "/" for 71.23.137.99 at 2013-11-30 04:08:05 +0000
Processing by WelcomeController#index as HTML
{"delay"=>"@)\xC8\xFDo\xBC\xA4\x89"}
true
  Rendered welcome/index.html.erb within layouts/application (0.8ms)
Completed 500 Internal Server Error in 93ms

ActionView::Template::Error (wrong number of arguments(1 for 0)):
    2: <p>Find me in app/views/welcome/index.html.erb</p>
    3: 
    4: <pre>
    5:   <%= @delay[:delay].to_i(16) %>
    6: </pre>
  app/views/welcome/index.html.erb:5:in `to_i'
  app/views/welcome/index.html.erb:5:in `_app_views_welcome_index_html_erb___2251634623951100607_42208400'


  Rendered /var/lib/gems/1.9.1/gems/actionpack-4.0.1/lib/action_dispatch/middleware/templates/rescues/_trace.erb (1.0ms)
  Rendered /var/lib/gems/1.9.1/gems/actionpack-4.0.1/lib/action_dispatch/middleware/templates/rescues/_request_and_response.erb (0.8ms)
  Rendered /var/lib/gems/1.9.1/gems/actionpack-4.0.1/lib/action_dispatch/middleware/templates/rescues/template_error.erb within rescues/layout (8.0ms)


Started GET "/" for 71.23.137.99 at 2013-11-30 04:08:21 +0000
Processing by WelcomeController#index as HTML
{"delay"=>"@)\xC8\xFDo\xBC\xA4\x89"}
true
  Rendered welcome/index.html.erb within layouts/application (0.4ms)
Completed 200 OK in 91ms (Views: 2.9ms | ActiveRecord: 0.0ms)


Started GET "/assets/application.css?body=1" for 71.23.137.99 at 2013-11-30 04:08:21 +0000


Started GET "/assets/welcome.css?body=1" for 71.23.137.99 at 2013-11-30 04:08:21 +0000


Started GET "/assets/jquery_ujs.js?body=1" for 71.23.137.99 at 2013-11-30 04:08:21 +0000


Started GET "/assets/jquery.js?body=1" for 71.23.137.99 at 2013-11-30 04:08:21 +0000


Started GET "/assets/turbolinks.js?body=1" for 71.23.137.99 at 2013-11-30 04:08:21 +0000


Started GET "/assets/welcome.js?body=1" for 71.23.137.99 at 2013-11-30 04:08:21 +0000


Started GET "/assets/application.js?body=1" for 71.23.137.99 at 2013-11-30 04:08:21 +0000


Started GET "/" for 71.23.137.99 at 2013-11-30 04:08:36 +0000
Processing by WelcomeController#index as HTML
{"delay"=>"@)\xC8\xFDo\xBC\xA4\x89"}

true
  Rendered welcome/index.html.erb within layouts/application (0.1ms)
Completed 200 OK in 110ms (Views: 2.6ms | ActiveRecord: 0.0ms)


Started GET "/assets/welcome.css?body=1" for 71.23.137.99 at 2013-11-30 04:08:36 +0000


Started GET "/assets/application.css?body=1" for 71.23.137.99 at 2013-11-30 04:08:36 +0000


Started GET "/assets/jquery.js?body=1" for 71.23.137.99 at 2013-11-30 04:08:36 +0000


Started GET "/assets/jquery_ujs.js?body=1" for 71.23.137.99 at 2013-11-30 04:08:36 +0000


Started GET "/assets/turbolinks.js?body=1" for 71.23.137.99 at 2013-11-30 04:08:36 +0000


Started GET "/assets/application.js?body=1" for 71.23.137.99 at 2013-11-30 04:08:36 +0000


Started GET "/assets/welcome.js?body=1" for 71.23.137.99 at 2013-11-30 04:08:36 +0000


Started GET "/" for 71.23.137.99 at 2013-11-30 04:20:09 +0000
Processing by WelcomeController#index as HTML
{"delay"=>"@)\xC8\xFDo\xBC\xA4\x89"}
Completed 500 Internal Server Error in 87ms

TypeError (can't convert nil into Float):
  app/controllers/welcome_controller.rb:8:in `Float'
  app/controllers/welcome_controller.rb:8:in `index'


  Rendered /var/lib/gems/1.9.1/gems/actionpack-4.0.1/lib/action_dispatch/middleware/templates/rescues/_source.erb (0.5ms)
  Rendered /var/lib/gems/1.9.1/gems/actionpack-4.0.1/lib/action_dispatch/middleware/templates/rescues/_trace.erb (0.8ms)
  Rendered /var/lib/gems/1.9.1/gems/actionpack-4.0.1/lib/action_dispatch/middleware/templates/rescues/_request_and_response.erb (0.8ms)
  Rendered /var/lib/gems/1.9.1/gems/actionpack-4.0.1/lib/action_dispatch/middleware/templates/rescues/diagnostics.erb within rescues/layout (10.5ms)


Started GET "/" for 71.23.137.99 at 2013-11-30 04:20:24 +0000
Processing by WelcomeController#index as HTML
{"delay"=>"@)\xC8\xFDo\xBC\xA4\x89"}

true
  Rendered welcome/index.html.erb within layouts/application (0.1ms)
Completed 200 OK in 133ms (Views: 2.6ms | ActiveRecord: 0.0ms)


Started GET "/assets/welcome.css?body=1" for 71.23.137.99 at 2013-11-30 04:20:25 +0000


Started GET "/assets/application.css?body=1" for 71.23.137.99 at 2013-11-30 04:20:25 +0000


Started GET "/assets/jquery_ujs.js?body=1" for 71.23.137.99 at 2013-11-30 04:20:25 +0000


Started GET "/assets/jquery.js?body=1" for 71.23.137.99 at 2013-11-30 04:20:25 +0000


Started GET "/assets/turbolinks.js?body=1" for 71.23.137.99 at 2013-11-30 04:20:25 +0000


Started GET "/assets/welcome.js?body=1" for 71.23.137.99 at 2013-11-30 04:20:25 +0000


Started GET "/assets/application.js?body=1" for 71.23.137.99 at 2013-11-30 04:20:25 +0000


Started GET "/" for 71.23.137.99 at 2013-11-30 04:20:49 +0000
Processing by WelcomeController#index as HTML
{"delay"=>"@)\xC8\xFDo\xBC\xA4\x89"}
@)Èýo¼¤‰
true
  Rendered welcome/index.html.erb within layouts/application (0.1ms)
Completed 200 OK in 92ms (Views: 2.8ms | ActiveRecord: 0.0ms)


Started GET "/assets/application.css?body=1" for 71.23.137.99 at 2013-11-30 04:20:49 +0000


Started GET "/assets/welcome.css?body=1" for 71.23.137.99 at 2013-11-30 04:20:49 +0000


Started GET "/assets/jquery.js?body=1" for 71.23.137.99 at 2013-11-30 04:20:49 +0000


Started GET "/assets/jquery_ujs.js?body=1" for 71.23.137.99 at 2013-11-30 04:20:49 +0000


Started GET "/assets/turbolinks.js?body=1" for 71.23.137.99 at 2013-11-30 04:20:49 +0000


Started GET "/assets/welcome.js?body=1" for 71.23.137.99 at 2013-11-30 04:20:49 +0000


Started GET "/assets/application.js?body=1" for 71.23.137.99 at 2013-11-30 04:20:49 +0000


Started GET "/" for 71.23.137.99 at 2013-11-30 04:25:38 +0000
Processing by WelcomeController#index as HTML
{"delay"=>"@)\xC8\xFDo\xBC\xA4\x89"}
@)Èýo¼¤‰
true
  Rendered welcome/index.html.erb within layouts/application (0.4ms)
Completed 200 OK in 125ms (Views: 3.2ms | ActiveRecord: 0.0ms)


Started GET "/assets/application.css?body=1" for 71.23.137.99 at 2013-11-30 04:25:39 +0000


Started GET "/assets/welcome.css?body=1" for 71.23.137.99 at 2013-11-30 04:25:39 +0000


Started GET "/assets/jquery.js?body=1" for 71.23.137.99 at 2013-11-30 04:25:39 +0000


Started GET "/assets/turbolinks.js?body=1" for 71.23.137.99 at 2013-11-30 04:25:39 +0000


Started GET "/assets/jquery_ujs.js?body=1" for 71.23.137.99 at 2013-11-30 04:25:39 +0000


Started GET "/assets/welcome.js?body=1" for 71.23.137.99 at 2013-11-30 04:25:39 +0000


Started GET "/assets/application.js?body=1" for 71.23.137.99 at 2013-11-30 04:25:39 +0000


Started GET "/" for 71.23.137.99 at 2013-11-30 04:31:03 +0000
Processing by WelcomeController#index as HTML
{"delay"=>"@)\xC8\xFDo\xBC\xA4\x89"}
@)Èýo¼¤‰
true
  Rendered welcome/index.html.erb within layouts/application (0.1ms)
Completed 200 OK in 89ms (Views: 2.7ms | ActiveRecord: 0.0ms)


Started GET "/assets/application.css?body=1" for 71.23.137.99 at 2013-11-30 04:31:03 +0000


Started GET "/assets/welcome.css?body=1" for 71.23.137.99 at 2013-11-30 04:31:03 +0000


Started GET "/assets/jquery.js?body=1" for 71.23.137.99 at 2013-11-30 04:31:03 +0000


Started GET "/assets/turbolinks.js?body=1" for 71.23.137.99 at 2013-11-30 04:31:03 +0000


Started GET "/assets/jquery_ujs.js?body=1" for 71.23.137.99 at 2013-11-30 04:31:03 +0000


Started GET "/assets/welcome.js?body=1" for 71.23.137.99 at 2013-11-30 04:31:04 +0000


Started GET "/assets/application.js?body=1" for 71.23.137.99 at 2013-11-30 04:31:04 +0000


Started GET "/" for 71.23.137.99 at 2013-11-30 04:42:01 +0000
Processing by WelcomeController#index as HTML
  Rendered welcome/index.html.erb within layouts/application (2.1ms)
Completed 200 OK in 121ms (Views: 56.5ms | ActiveRecord: 0.0ms)


Started GET "/assets/application.css?body=1" for 71.23.137.99 at 2013-11-30 04:42:02 +0000


Started GET "/assets/jquery.js?body=1" for 71.23.137.99 at 2013-11-30 04:42:02 +0000


Started GET "/assets/welcome.css?body=1" for 71.23.137.99 at 2013-11-30 04:42:02 +0000


Started GET "/assets/jquery_ujs.js?body=1" for 71.23.137.99 at 2013-11-30 04:42:02 +0000


Started GET "/assets/turbolinks.js?body=1" for 71.23.137.99 at 2013-11-30 04:42:02 +0000


Started GET "/assets/welcome.js?body=1" for 71.23.137.99 at 2013-11-30 04:42:02 +0000


Started GET "/assets/application.js?body=1" for 71.23.137.99 at 2013-11-30 04:42:02 +0000


Started GET "/" for 71.23.137.99 at 2013-11-30 04:50:29 +0000
Processing by WelcomeController#index as HTML
Completed 500 Internal Server Error in 1ms

NoMethodError (undefined method `execute' for nil:NilClass):
  app/controllers/welcome_controller.rb:5:in `index'


  Rendered /var/lib/gems/1.9.1/gems/actionpack-4.0.1/lib/action_dispatch/middleware/templates/rescues/_source.erb (0.5ms)
  Rendered /var/lib/gems/1.9.1/gems/actionpack-4.0.1/lib/action_dispatch/middleware/templates/rescues/_trace.erb (0.8ms)
  Rendered /var/lib/gems/1.9.1/gems/actionpack-4.0.1/lib/action_dispatch/middleware/templates/rescues/_request_and_response.erb (0.7ms)
  Rendered /var/lib/gems/1.9.1/gems/actionpack-4.0.1/lib/action_dispatch/middleware/templates/rescues/diagnostics.erb within rescues/layout (10.2ms)


Started GET "/" for 71.23.137.99 at 2013-11-30 04:50:43 +0000
Processing by WelcomeController#index as HTML
  Rendered welcome/index.html.erb within layouts/application (0.1ms)
Completed 200 OK in 27ms (Views: 3.2ms | ActiveRecord: 0.0ms)


Started GET "/assets/application.css?body=1" for 71.23.137.99 at 2013-11-30 04:50:43 +0000


Started GET "/assets/jquery.js?body=1" for 71.23.137.99 at 2013-11-30 04:50:43 +0000


Started GET "/assets/welcome.css?body=1" for 71.23.137.99 at 2013-11-30 04:50:43 +0000


Started GET "/assets/jquery_ujs.js?body=1" for 71.23.137.99 at 2013-11-30 04:50:43 +0000


Started GET "/assets/welcome.js?body=1" for 71.23.137.99 at 2013-11-30 04:50:43 +0000


Started GET "/assets/turbolinks.js?body=1" for 71.23.137.99 at 2013-11-30 04:50:43 +0000


Started GET "/assets/application.js?body=1" for 71.23.137.99 at 2013-11-30 04:50:43 +0000


Started GET "/" for 71.23.137.99 at 2013-11-30 04:57:16 +0000
Processing by WelcomeController#index as HTML
  Rendered welcome/index.html.erb within layouts/application (0.1ms)
Completed 200 OK in 9ms (Views: 2.5ms | ActiveRecord: 0.0ms)


Started GET "/assets/application.css?body=1" for 71.23.137.99 at 2013-11-30 04:57:16 +0000


Started GET "/assets/welcome.css?body=1" for 71.23.137.99 at 2013-11-30 04:57:16 +0000


Started GET "/assets/jquery.js?body=1" for 71.23.137.99 at 2013-11-30 04:57:16 +0000


Started GET "/assets/jquery_ujs.js?body=1" for 71.23.137.99 at 2013-11-30 04:57:16 +0000


Started GET "/assets/turbolinks.js?body=1" for 71.23.137.99 at 2013-11-30 04:57:16 +0000


Started GET "/assets/welcome.js?body=1" for 71.23.137.99 at 2013-11-30 04:57:16 +0000


Started GET "/assets/application.js?body=1" for 71.23.137.99 at 2013-11-30 04:57:16 +0000


Started GET "/" for 71.23.137.99 at 2013-11-30 04:57:27 +0000
Processing by WelcomeController#index as HTML
  Rendered welcome/index.html.erb within layouts/application (0.7ms)
Completed 500 Internal Server Error in 8ms

ActionView::Template::Error (can't convert Symbol into Integer):
    2: <p>Find me in app/views/welcome/index.html.erb</p>
    3: 
    4: <pre>
    5:   <%= @delay[:delay] %>
    6: </pre>
  app/views/welcome/index.html.erb:5:in `[]'
  app/views/welcome/index.html.erb:5:in `_app_views_welcome_index_html_erb___538539623121070010_31766380'
  app/controllers/welcome_controller.rb:8:in `index'


  Rendered /var/lib/gems/1.9.1/gems/actionpack-4.0.1/lib/action_dispatch/middleware/templates/rescues/_trace.erb (1.0ms)
  Rendered /var/lib/gems/1.9.1/gems/actionpack-4.0.1/lib/action_dispatch/middleware/templates/rescues/_request_and_response.erb (0.7ms)
  Rendered /var/lib/gems/1.9.1/gems/actionpack-4.0.1/lib/action_dispatch/middleware/templates/rescues/template_error.erb within rescues/layout (7.4ms)


Started GET "/" for 71.23.137.99 at 2013-11-30 04:58:17 +0000
Processing by WelcomeController#index as HTML
  Rendered welcome/index.html.erb within layouts/application (0.1ms)
Completed 200 OK in 8ms (Views: 2.4ms | ActiveRecord: 0.0ms)


Started GET "/assets/application.css?body=1" for 71.23.137.99 at 2013-11-30 04:58:17 +0000


Started GET "/assets/welcome.css?body=1" for 71.23.137.99 at 2013-11-30 04:58:17 +0000


Started GET "/assets/jquery.js?body=1" for 71.23.137.99 at 2013-11-30 04:58:17 +0000


Started GET "/assets/jquery_ujs.js?body=1" for 71.23.137.99 at 2013-11-30 04:58:17 +0000


Started GET "/assets/turbolinks.js?body=1" for 71.23.137.99 at 2013-11-30 04:58:17 +0000


Started GET "/assets/welcome.js?body=1" for 71.23.137.99 at 2013-11-30 04:58:17 +0000


Started GET "/assets/application.js?body=1" for 71.23.137.99 at 2013-11-30 04:58:17 +0000


Started GET "/" for 71.23.137.99 at 2013-11-30 04:58:27 +0000
Processing by WelcomeController#index as HTML
  Rendered welcome/index.html.erb within layouts/application (5.6ms)
Completed 500 Internal Server Error in 13ms

ActionView::Template::Error (undefined local variable or method `delay' for #<#<Class:0x000000027ae0e8>:0x000000037728f8>):
    2: <p>Find me in app/views/welcome/index.html.erb</p>
    3: 
    4: <pre>
    5:   <%= @delay[delay] %>
    6: </pre>
  app/views/welcome/index.html.erb:5:in `_app_views_welcome_index_html_erb___538539623121070010_29068000'
  app/controllers/welcome_controller.rb:8:in `index'


  Rendered /var/lib/gems/1.9.1/gems/actionpack-4.0.1/lib/action_dispatch/middleware/templates/rescues/_trace.erb (1.1ms)
  Rendered /var/lib/gems/1.9.1/gems/actionpack-4.0.1/lib/action_dispatch/middleware/templates/rescues/_request_and_response.erb (0.7ms)
  Rendered /var/lib/gems/1.9.1/gems/actionpack-4.0.1/lib/action_dispatch/middleware/templates/rescues/template_error.erb within rescues/layout (7.3ms)


Started GET "/" for 71.23.137.99 at 2013-11-30 04:58:31 +0000
Processing by WelcomeController#index as HTML
  Rendered welcome/index.html.erb within layouts/application (0.3ms)
Completed 200 OK in 8ms (Views: 2.9ms | ActiveRecord: 0.0ms)


Started GET "/assets/application.css?body=1" for 71.23.137.99 at 2013-11-30 04:58:31 +0000


Started GET "/assets/welcome.css?body=1" for 71.23.137.99 at 2013-11-30 04:58:31 +0000


Started GET "/assets/jquery.js?body=1" for 71.23.137.99 at 2013-11-30 04:58:31 +0000


Started GET "/assets/jquery_ujs.js?body=1" for 71.23.137.99 at 2013-11-30 04:58:31 +0000


Started GET "/assets/welcome.js?body=1" for 71.23.137.99 at 2013-11-30 04:58:31 +0000


Started GET "/assets/turbolinks.js?body=1" for 71.23.137.99 at 2013-11-30 04:58:31 +0000


Started GET "/assets/application.js?body=1" for 71.23.137.99 at 2013-11-30 04:58:31 +0000


Started GET "/" for 71.23.137.99 at 2013-11-30 04:58:44 +0000
Processing by WelcomeController#index as HTML
  Rendered welcome/index.html.erb within layouts/application (0.1ms)
Completed 200 OK in 8ms (Views: 2.5ms | ActiveRecord: 0.0ms)


Started GET "/assets/application.css?body=1" for 71.23.137.99 at 2013-11-30 04:58:44 +0000


Started GET "/assets/welcome.css?body=1" for 71.23.137.99 at 2013-11-30 04:58:44 +0000


Started GET "/assets/jquery.js?body=1" for 71.23.137.99 at 2013-11-30 04:58:44 +0000


Started GET "/assets/jquery_ujs.js?body=1" for 71.23.137.99 at 2013-11-30 04:58:44 +0000


Started GET "/assets/turbolinks.js?body=1" for 71.23.137.99 at 2013-11-30 04:58:44 +0000


Started GET "/assets/welcome.js?body=1" for 71.23.137.99 at 2013-11-30 04:58:44 +0000


Started GET "/assets/application.js?body=1" for 71.23.137.99 at 2013-11-30 04:58:44 +0000


Started GET "/" for 71.23.137.99 at 2013-11-30 05:00:41 +0000
Processing by WelcomeController#index as HTML
  Rendered welcome/index.html.erb within layouts/application (0.1ms)
Completed 200 OK in 31ms (Views: 2.9ms | ActiveRecord: 0.0ms)


Started GET "/assets/application.css?body=1" for 71.23.137.99 at 2013-11-30 05:00:41 +0000


Started GET "/assets/welcome.css?body=1" for 71.23.137.99 at 2013-11-30 05:00:41 +0000


Started GET "/assets/jquery.js?body=1" for 71.23.137.99 at 2013-11-30 05:00:41 +0000


Started GET "/assets/jquery_ujs.js?body=1" for 71.23.137.99 at 2013-11-30 05:00:41 +0000


Started GET "/assets/turbolinks.js?body=1" for 71.23.137.99 at 2013-11-30 05:00:41 +0000


Started GET "/assets/welcome.js?body=1" for 71.23.137.99 at 2013-11-30 05:00:41 +0000


Started GET "/assets/application.js?body=1" for 71.23.137.99 at 2013-11-30 05:00:41 +0000


Started GET "/" for 71.23.137.99 at 2013-11-30 05:00:47 +0000
Processing by WelcomeController#index as HTML
  Rendered welcome/index.html.erb within layouts/application (0.1ms)
Completed 200 OK in 8ms (Views: 2.4ms | ActiveRecord: 0.0ms)


Started GET "/assets/application.css?body=1" for 71.23.137.99 at 2013-11-30 05:00:48 +0000


Started GET "/assets/welcome.css?body=1" for 71.23.137.99 at 2013-11-30 05:00:48 +0000


Started GET "/assets/jquery.js?body=1" for 71.23.137.99 at 2013-11-30 05:00:48 +0000


Started GET "/assets/jquery_ujs.js?body=1" for 71.23.137.99 at 2013-11-30 05:00:48 +0000


Started GET "/assets/turbolinks.js?body=1" for 71.23.137.99 at 2013-11-30 05:00:48 +0000


Started GET "/assets/welcome.js?body=1" for 71.23.137.99 at 2013-11-30 05:00:48 +0000


Started GET "/assets/application.js?body=1" for 71.23.137.99 at 2013-11-30 05:00:48 +0000


Started GET "/" for 71.23.137.99 at 2013-11-30 05:01:37 +0000
Processing by WelcomeController#index as HTML
  Rendered welcome/index.html.erb within layouts/application (0.5ms)
Completed 200 OK in 12ms (Views: 4.3ms | ActiveRecord: 0.0ms)


Started GET "/assets/application.css?body=1" for 71.23.137.99 at 2013-11-30 05:01:38 +0000


Started GET "/assets/welcome.css?body=1" for 71.23.137.99 at 2013-11-30 05:01:38 +0000


Started GET "/assets/jquery.js?body=1" for 71.23.137.99 at 2013-11-30 05:01:38 +0000


Started GET "/assets/jquery_ujs.js?body=1" for 71.23.137.99 at 2013-11-30 05:01:38 +0000


Started GET "/assets/turbolinks.js?body=1" for 71.23.137.99 at 2013-11-30 05:01:38 +0000


Started GET "/assets/welcome.js?body=1" for 71.23.137.99 at 2013-11-30 05:01:38 +0000


Started GET "/assets/application.js?body=1" for 71.23.137.99 at 2013-11-30 05:01:38 +0000


Started GET "/" for 71.23.137.99 at 2013-11-30 05:01:46 +0000
Processing by WelcomeController#index as HTML
  Rendered welcome/index.html.erb within layouts/application (0.4ms)
Completed 200 OK in 9ms (Views: 2.7ms | ActiveRecord: 0.0ms)


Started GET "/assets/application.css?body=1" for 71.23.137.99 at 2013-11-30 05:01:47 +0000


Started GET "/assets/welcome.css?body=1" for 71.23.137.99 at 2013-11-30 05:01:47 +0000


Started GET "/assets/jquery.js?body=1" for 71.23.137.99 at 2013-11-30 05:01:47 +0000


Started GET "/assets/jquery_ujs.js?body=1" for 71.23.137.99 at 2013-11-30 05:01:47 +0000


Started GET "/assets/turbolinks.js?body=1" for 71.23.137.99 at 2013-11-30 05:01:47 +0000


Started GET "/assets/welcome.js?body=1" for 71.23.137.99 at 2013-11-30 05:01:47 +0000


Started GET "/assets/application.js?body=1" for 71.23.137.99 at 2013-11-30 05:01:47 +0000


Started GET "/" for 71.23.137.99 at 2013-11-30 05:02:06 +0000
Processing by WelcomeController#index as HTML
  Rendered welcome/index.html.erb within layouts/application (0.4ms)
Completed 200 OK in 9ms (Views: 3.0ms | ActiveRecord: 0.0ms)


Started GET "/assets/application.css?body=1" for 71.23.137.99 at 2013-11-30 05:02:06 +0000


Started GET "/assets/jquery_ujs.js?body=1" for 71.23.137.99 at 2013-11-30 05:02:06 +0000


Started GET "/assets/welcome.css?body=1" for 71.23.137.99 at 2013-11-30 05:02:06 +0000


Started GET "/assets/jquery.js?body=1" for 71.23.137.99 at 2013-11-30 05:02:06 +0000


Started GET "/assets/welcome.js?body=1" for 71.23.137.99 at 2013-11-30 05:02:06 +0000


Started GET "/assets/turbolinks.js?body=1" for 71.23.137.99 at 2013-11-30 05:02:06 +0000


Started GET "/assets/application.js?body=1" for 71.23.137.99 at 2013-11-30 05:02:06 +0000


Started GET "/" for 71.23.137.99 at 2013-11-30 05:02:17 +0000
Processing by WelcomeController#index as HTML
  Rendered welcome/index.html.erb within layouts/application (0.6ms)
Completed 200 OK in 9ms (Views: 3.0ms | ActiveRecord: 0.0ms)


Started GET "/assets/application.css?body=1" for 71.23.137.99 at 2013-11-30 05:02:17 +0000


Started GET "/assets/welcome.css?body=1" for 71.23.137.99 at 2013-11-30 05:02:17 +0000


Started GET "/assets/jquery.js?body=1" for 71.23.137.99 at 2013-11-30 05:02:17 +0000


Started GET "/assets/jquery_ujs.js?body=1" for 71.23.137.99 at 2013-11-30 05:02:17 +0000


Started GET "/assets/turbolinks.js?body=1" for 71.23.137.99 at 2013-11-30 05:02:17 +0000


Started GET "/assets/welcome.js?body=1" for 71.23.137.99 at 2013-11-30 05:02:17 +0000


Started GET "/assets/application.js?body=1" for 71.23.137.99 at 2013-11-30 05:02:17 +0000


Started GET "/" for 71.23.137.99 at 2013-11-30 05:02:26 +0000
Processing by WelcomeController#index as HTML
  Rendered welcome/index.html.erb within layouts/application (0.4ms)
Completed 200 OK in 8ms (Views: 2.7ms | ActiveRecord: 0.0ms)


Started GET "/assets/application.css?body=1" for 71.23.137.99 at 2013-11-30 05:02:26 +0000


Started GET "/assets/welcome.css?body=1" for 71.23.137.99 at 2013-11-30 05:02:26 +0000


Started GET "/assets/jquery.js?body=1" for 71.23.137.99 at 2013-11-30 05:02:26 +0000


Started GET "/assets/jquery_ujs.js?body=1" for 71.23.137.99 at 2013-11-30 05:02:26 +0000


Started GET "/assets/turbolinks.js?body=1" for 71.23.137.99 at 2013-11-30 05:02:26 +0000


Started GET "/assets/welcome.js?body=1" for 71.23.137.99 at 2013-11-30 05:02:27 +0000


Started GET "/assets/application.js?body=1" for 71.23.137.99 at 2013-11-30 05:02:27 +0000


Started GET "/" for 71.23.137.99 at 2013-11-30 05:03:22 +0000
Processing by WelcomeController#index as HTML
  Rendered welcome/index.html.erb within layouts/application (0.1ms)
Completed 200 OK in 33ms (Views: 2.8ms | ActiveRecord: 0.0ms)


Started GET "/assets/application.css?body=1" for 71.23.137.99 at 2013-11-30 05:03:22 +0000


Started GET "/assets/welcome.css?body=1" for 71.23.137.99 at 2013-11-30 05:03:22 +0000


Started GET "/assets/jquery_ujs.js?body=1" for 71.23.137.99 at 2013-11-30 05:03:22 +0000


Started GET "/assets/jquery.js?body=1" for 71.23.137.99 at 2013-11-30 05:03:22 +0000


Started GET "/assets/turbolinks.js?body=1" for 71.23.137.99 at 2013-11-30 05:03:22 +0000


Started GET "/assets/welcome.js?body=1" for 71.23.137.99 at 2013-11-30 05:03:22 +0000


Started GET "/assets/application.js?body=1" for 71.23.137.99 at 2013-11-30 05:03:22 +0000


Started GET "/?from=ORD&to=ATL" for 71.23.137.99 at 2013-11-30 05:05:45 +0000
Processing by WelcomeController#index as HTML
  Parameters: {"from"=>"ORD", "to"=>"ATL"}
  Rendered welcome/index.html.erb within layouts/application (0.1ms)
Completed 200 OK in 9ms (Views: 2.5ms | ActiveRecord: 0.0ms)


Started GET "/assets/application.css?body=1" for 71.23.137.99 at 2013-11-30 05:05:45 +0000


Started GET "/assets/welcome.css?body=1" for 71.23.137.99 at 2013-11-30 05:05:45 +0000


Started GET "/assets/jquery.js?body=1" for 71.23.137.99 at 2013-11-30 05:05:45 +0000


Started GET "/assets/jquery_ujs.js?body=1" for 71.23.137.99 at 2013-11-30 05:05:45 +0000


Started GET "/assets/turbolinks.js?body=1" for 71.23.137.99 at 2013-11-30 05:05:45 +0000


Started GET "/assets/welcome.js?body=1" for 71.23.137.99 at 2013-11-30 05:05:45 +0000


Started GET "/assets/application.js?body=1" for 71.23.137.99 at 2013-11-30 05:05:45 +0000


Started GET "/?from=ORD&to=LAX" for 71.23.137.99 at 2013-11-30 05:05:49 +0000
Processing by WelcomeController#index as HTML
  Parameters: {"from"=>"ORD", "to"=>"LAX"}
  Rendered welcome/index.html.erb within layouts/application (0.1ms)
Completed 200 OK in 9ms (Views: 2.5ms | ActiveRecord: 0.0ms)


Started GET "/assets/application.css?body=1" for 71.23.137.99 at 2013-11-30 05:05:49 +0000


Started GET "/assets/welcome.css?body=1" for 71.23.137.99 at 2013-11-30 05:05:50 +0000


Started GET "/assets/jquery.js?body=1" for 71.23.137.99 at 2013-11-30 05:05:50 +0000


Started GET "/assets/jquery_ujs.js?body=1" for 71.23.137.99 at 2013-11-30 05:05:50 +0000


Started GET "/assets/turbolinks.js?body=1" for 71.23.137.99 at 2013-11-30 05:05:50 +0000


Started GET "/assets/welcome.js?body=1" for 71.23.137.99 at 2013-11-30 05:05:50 +0000


Started GET "/assets/application.js?body=1" for 71.23.137.99 at 2013-11-30 05:05:50 +0000


Started GET "/?from=MDW&to=LAX" for 71.23.137.99 at 2013-11-30 05:05:55 +0000
Processing by WelcomeController#index as HTML
  Parameters: {"from"=>"MDW", "to"=>"LAX"}
  Rendered welcome/index.html.erb within layouts/application (0.3ms)
Completed 200 OK in 8ms (Views: 2.7ms | ActiveRecord: 0.0ms)


Started GET "/assets/application.css?body=1" for 71.23.137.99 at 2013-11-30 05:05:55 +0000


Started GET "/assets/welcome.css?body=1" for 71.23.137.99 at 2013-11-30 05:05:55 +0000


Started GET "/assets/jquery.js?body=1" for 71.23.137.99 at 2013-11-30 05:05:55 +0000


Started GET "/assets/jquery_ujs.js?body=1" for 71.23.137.99 at 2013-11-30 05:05:55 +0000


Started GET "/assets/turbolinks.js?body=1" for 71.23.137.99 at 2013-11-30 05:05:55 +0000


Started GET "/assets/welcome.js?body=1" for 71.23.137.99 at 2013-11-30 05:05:55 +0000


Started GET "/assets/application.js?body=1" for 71.23.137.99 at 2013-11-30 05:05:56 +0000


Started GET "/index.json?from=MDW&to=LAX" for 71.23.137.99 at 2013-11-30 05:06:22 +0000

ActionController::RoutingError (No route matches [GET] "/index.json"):
  actionpack (4.0.1) lib/action_dispatch/middleware/debug_exceptions.rb:21:in `call'
  actionpack (4.0.1) lib/action_dispatch/middleware/show_exceptions.rb:30:in `call'
  railties (4.0.1) lib/rails/rack/logger.rb:38:in `call_app'
  railties (4.0.1) lib/rails/rack/logger.rb:20:in `block in call'
  activesupport (4.0.1) lib/active_support/tagged_logging.rb:67:in `block in tagged'
  activesupport (4.0.1) lib/active_support/tagged_logging.rb:25:in `tagged'
  activesupport (4.0.1) lib/active_support/tagged_logging.rb:67:in `tagged'
  railties (4.0.1) lib/rails/rack/logger.rb:20:in `call'
  actionpack (4.0.1) lib/action_dispatch/middleware/request_id.rb:21:in `call'
  rack (1.5.2) lib/rack/methodoverride.rb:21:in `call'
  rack (1.5.2) lib/rack/runtime.rb:17:in `call'
  activesupport (4.0.1) lib/active_support/cache/strategy/local_cache.rb:83:in `call'
  rack (1.5.2) lib/rack/lock.rb:17:in `call'
  actionpack (4.0.1) lib/action_dispatch/middleware/static.rb:64:in `call'
  rack (1.5.2) lib/rack/sendfile.rb:112:in `call'
  railties (4.0.1) lib/rails/engine.rb:511:in `call'
  railties (4.0.1) lib/rails/application.rb:97:in `call'
  rack (1.5.2) lib/rack/lock.rb:17:in `call'
  rack (1.5.2) lib/rack/content_length.rb:14:in `call'
  rack (1.5.2) lib/rack/handler/webrick.rb:60:in `service'
  /usr/lib/ruby/1.9.1/webrick/httpserver.rb:138:in `service'
  /usr/lib/ruby/1.9.1/webrick/httpserver.rb:94:in `run'
  /usr/lib/ruby/1.9.1/webrick/server.rb:191:in `block in start_thread'


  Rendered /var/lib/gems/1.9.1/gems/actionpack-4.0.1/lib/action_dispatch/middleware/templates/rescues/_trace.erb (1.0ms)
  Rendered /var/lib/gems/1.9.1/gems/actionpack-4.0.1/lib/action_dispatch/middleware/templates/routes/_route.html.erb (0.6ms)
  Rendered /var/lib/gems/1.9.1/gems/actionpack-4.0.1/lib/action_dispatch/middleware/templates/routes/_table.html.erb (26.3ms)
  Rendered /var/lib/gems/1.9.1/gems/actionpack-4.0.1/lib/action_dispatch/middleware/templates/rescues/routing_error.erb within rescues/layout (39.4ms)


Started GET "/delay.json?from=MDW&to=LAX" for 71.23.137.99 at 2013-11-30 05:09:32 +0000

ActionController::RoutingError (No route matches [GET] "/delay.json"):
  actionpack (4.0.1) lib/action_dispatch/middleware/debug_exceptions.rb:21:in `call'
  actionpack (4.0.1) lib/action_dispatch/middleware/show_exceptions.rb:30:in `call'
  railties (4.0.1) lib/rails/rack/logger.rb:38:in `call_app'
  railties (4.0.1) lib/rails/rack/logger.rb:20:in `block in call'
  activesupport (4.0.1) lib/active_support/tagged_logging.rb:67:in `block in tagged'
  activesupport (4.0.1) lib/active_support/tagged_logging.rb:25:in `tagged'
  activesupport (4.0.1) lib/active_support/tagged_logging.rb:67:in `tagged'
  railties (4.0.1) lib/rails/rack/logger.rb:20:in `call'
  actionpack (4.0.1) lib/action_dispatch/middleware/request_id.rb:21:in `call'
  rack (1.5.2) lib/rack/methodoverride.rb:21:in `call'
  rack (1.5.2) lib/rack/runtime.rb:17:in `call'
  activesupport (4.0.1) lib/active_support/cache/strategy/local_cache.rb:83:in `call'
  rack (1.5.2) lib/rack/lock.rb:17:in `call'
  actionpack (4.0.1) lib/action_dispatch/middleware/static.rb:64:in `call'
  rack (1.5.2) lib/rack/sendfile.rb:112:in `call'
  railties (4.0.1) lib/rails/engine.rb:511:in `call'
  railties (4.0.1) lib/rails/application.rb:97:in `call'
  rack (1.5.2) lib/rack/lock.rb:17:in `call'
  rack (1.5.2) lib/rack/content_length.rb:14:in `call'
  rack (1.5.2) lib/rack/handler/webrick.rb:60:in `service'
  /usr/lib/ruby/1.9.1/webrick/httpserver.rb:138:in `service'
  /usr/lib/ruby/1.9.1/webrick/httpserver.rb:94:in `run'
  /usr/lib/ruby/1.9.1/webrick/server.rb:191:in `block in start_thread'


  Rendered /var/lib/gems/1.9.1/gems/actionpack-4.0.1/lib/action_dispatch/middleware/templates/rescues/_trace.erb (0.8ms)
  Rendered /var/lib/gems/1.9.1/gems/actionpack-4.0.1/lib/action_dispatch/middleware/templates/routes/_route.html.erb (0.6ms)
  Rendered /var/lib/gems/1.9.1/gems/actionpack-4.0.1/lib/action_dispatch/middleware/templates/routes/_table.html.erb (1.0ms)
  Rendered /var/lib/gems/1.9.1/gems/actionpack-4.0.1/lib/action_dispatch/middleware/templates/rescues/routing_error.erb within rescues/layout (11.0ms)


Started GET "/delayfrom=MDW&to=LAX" for 71.23.137.99 at 2013-11-30 05:09:38 +0000

ActionController::RoutingError (No route matches [GET] "/delayfrom=MDW&to=LAX"):
  actionpack (4.0.1) lib/action_dispatch/middleware/debug_exceptions.rb:21:in `call'
  actionpack (4.0.1) lib/action_dispatch/middleware/show_exceptions.rb:30:in `call'
  railties (4.0.1) lib/rails/rack/logger.rb:38:in `call_app'
  railties (4.0.1) lib/rails/rack/logger.rb:20:in `block in call'
  activesupport (4.0.1) lib/active_support/tagged_logging.rb:67:in `block in tagged'
  activesupport (4.0.1) lib/active_support/tagged_logging.rb:25:in `tagged'
  activesupport (4.0.1) lib/active_support/tagged_logging.rb:67:in `tagged'
  railties (4.0.1) lib/rails/rack/logger.rb:20:in `call'
  actionpack (4.0.1) lib/action_dispatch/middleware/request_id.rb:21:in `call'
  rack (1.5.2) lib/rack/methodoverride.rb:21:in `call'
  rack (1.5.2) lib/rack/runtime.rb:17:in `call'
  activesupport (4.0.1) lib/active_support/cache/strategy/local_cache.rb:83:in `call'
  rack (1.5.2) lib/rack/lock.rb:17:in `call'
  actionpack (4.0.1) lib/action_dispatch/middleware/static.rb:64:in `call'
  rack (1.5.2) lib/rack/sendfile.rb:112:in `call'
  railties (4.0.1) lib/rails/engine.rb:511:in `call'
  railties (4.0.1) lib/rails/application.rb:97:in `call'
  rack (1.5.2) lib/rack/lock.rb:17:in `call'
  rack (1.5.2) lib/rack/content_length.rb:14:in `call'
  rack (1.5.2) lib/rack/handler/webrick.rb:60:in `service'
  /usr/lib/ruby/1.9.1/webrick/httpserver.rb:138:in `service'
  /usr/lib/ruby/1.9.1/webrick/httpserver.rb:94:in `run'
  /usr/lib/ruby/1.9.1/webrick/server.rb:191:in `block in start_thread'


  Rendered /var/lib/gems/1.9.1/gems/actionpack-4.0.1/lib/action_dispatch/middleware/templates/rescues/_trace.erb (0.8ms)
  Rendered /var/lib/gems/1.9.1/gems/actionpack-4.0.1/lib/action_dispatch/middleware/templates/routes/_route.html.erb (0.6ms)
  Rendered /var/lib/gems/1.9.1/gems/actionpack-4.0.1/lib/action_dispatch/middleware/templates/routes/_table.html.erb (0.9ms)
  Rendered /var/lib/gems/1.9.1/gems/actionpack-4.0.1/lib/action_dispatch/middleware/templates/rescues/routing_error.erb within rescues/layout (10.7ms)


Started GET "/delay&from=MDW&to=LAX" for 71.23.137.99 at 2013-11-30 05:09:43 +0000

ActionController::RoutingError (No route matches [GET] "/delay&from=MDW&to=LAX"):
  actionpack (4.0.1) lib/action_dispatch/middleware/debug_exceptions.rb:21:in `call'
  actionpack (4.0.1) lib/action_dispatch/middleware/show_exceptions.rb:30:in `call'
  railties (4.0.1) lib/rails/rack/logger.rb:38:in `call_app'
  railties (4.0.1) lib/rails/rack/logger.rb:20:in `block in call'
  activesupport (4.0.1) lib/active_support/tagged_logging.rb:67:in `block in tagged'
  activesupport (4.0.1) lib/active_support/tagged_logging.rb:25:in `tagged'
  activesupport (4.0.1) lib/active_support/tagged_logging.rb:67:in `tagged'
  railties (4.0.1) lib/rails/rack/logger.rb:20:in `call'
  actionpack (4.0.1) lib/action_dispatch/middleware/request_id.rb:21:in `call'
  rack (1.5.2) lib/rack/methodoverride.rb:21:in `call'
  rack (1.5.2) lib/rack/runtime.rb:17:in `call'
  activesupport (4.0.1) lib/active_support/cache/strategy/local_cache.rb:83:in `call'
  rack (1.5.2) lib/rack/lock.rb:17:in `call'
  actionpack (4.0.1) lib/action_dispatch/middleware/static.rb:64:in `call'
  rack (1.5.2) lib/rack/sendfile.rb:112:in `call'
  railties (4.0.1) lib/rails/engine.rb:511:in `call'
  railties (4.0.1) lib/rails/application.rb:97:in `call'
  rack (1.5.2) lib/rack/lock.rb:17:in `call'
  rack (1.5.2) lib/rack/content_length.rb:14:in `call'
  rack (1.5.2) lib/rack/handler/webrick.rb:60:in `service'
  /usr/lib/ruby/1.9.1/webrick/httpserver.rb:138:in `service'
  /usr/lib/ruby/1.9.1/webrick/httpserver.rb:94:in `run'
  /usr/lib/ruby/1.9.1/webrick/server.rb:191:in `block in start_thread'


  Rendered /var/lib/gems/1.9.1/gems/actionpack-4.0.1/lib/action_dispatch/middleware/templates/rescues/_trace.erb (0.8ms)
  Rendered /var/lib/gems/1.9.1/gems/actionpack-4.0.1/lib/action_dispatch/middleware/templates/routes/_route.html.erb (0.6ms)
  Rendered /var/lib/gems/1.9.1/gems/actionpack-4.0.1/lib/action_dispatch/middleware/templates/routes/_table.html.erb (0.9ms)
  Rendered /var/lib/gems/1.9.1/gems/actionpack-4.0.1/lib/action_dispatch/middleware/templates/rescues/routing_error.erb within rescues/layout (10.9ms)


Started GET "/delay.json&from=MDW&to=LAX" for 71.23.137.99 at 2013-11-30 05:09:47 +0000

ActionController::RoutingError (No route matches [GET] "/delay.json&from=MDW&to=LAX"):
  actionpack (4.0.1) lib/action_dispatch/middleware/debug_exceptions.rb:21:in `call'
  actionpack (4.0.1) lib/action_dispatch/middleware/show_exceptions.rb:30:in `call'
  railties (4.0.1) lib/rails/rack/logger.rb:38:in `call_app'
  railties (4.0.1) lib/rails/rack/logger.rb:20:in `block in call'
  activesupport (4.0.1) lib/active_support/tagged_logging.rb:67:in `block in tagged'
  activesupport (4.0.1) lib/active_support/tagged_logging.rb:25:in `tagged'
  activesupport (4.0.1) lib/active_support/tagged_logging.rb:67:in `tagged'
  railties (4.0.1) lib/rails/rack/logger.rb:20:in `call'
  actionpack (4.0.1) lib/action_dispatch/middleware/request_id.rb:21:in `call'
  rack (1.5.2) lib/rack/methodoverride.rb:21:in `call'
  rack (1.5.2) lib/rack/runtime.rb:17:in `call'
  activesupport (4.0.1) lib/active_support/cache/strategy/local_cache.rb:83:in `call'
  rack (1.5.2) lib/rack/lock.rb:17:in `call'
  actionpack (4.0.1) lib/action_dispatch/middleware/static.rb:64:in `call'
  rack (1.5.2) lib/rack/sendfile.rb:112:in `call'
  railties (4.0.1) lib/rails/engine.rb:511:in `call'
  railties (4.0.1) lib/rails/application.rb:97:in `call'
  rack (1.5.2) lib/rack/lock.rb:17:in `call'
  rack (1.5.2) lib/rack/content_length.rb:14:in `call'
  rack (1.5.2) lib/rack/handler/webrick.rb:60:in `service'
  /usr/lib/ruby/1.9.1/webrick/httpserver.rb:138:in `service'
  /usr/lib/ruby/1.9.1/webrick/httpserver.rb:94:in `run'
  /usr/lib/ruby/1.9.1/webrick/server.rb:191:in `block in start_thread'


  Rendered /var/lib/gems/1.9.1/gems/actionpack-4.0.1/lib/action_dispatch/middleware/templates/rescues/_trace.erb (0.9ms)
  Rendered /var/lib/gems/1.9.1/gems/actionpack-4.0.1/lib/action_dispatch/middleware/templates/routes/_route.html.erb (0.7ms)
  Rendered /var/lib/gems/1.9.1/gems/actionpack-4.0.1/lib/action_dispatch/middleware/templates/routes/_table.html.erb (0.9ms)
  Rendered /var/lib/gems/1.9.1/gems/actionpack-4.0.1/lib/action_dispatch/middleware/templates/rescues/routing_error.erb within rescues/layout (10.9ms)


Started GET "/delay.json&from=MDW&to=LAX" for 71.23.137.99 at 2013-11-30 05:11:36 +0000

ActionController::RoutingError (No route matches [GET] "/delay.json&from=MDW&to=LAX"):
  actionpack (4.0.1) lib/action_dispatch/middleware/debug_exceptions.rb:21:in `call'
  actionpack (4.0.1) lib/action_dispatch/middleware/show_exceptions.rb:30:in `call'
  railties (4.0.1) lib/rails/rack/logger.rb:38:in `call_app'
  railties (4.0.1) lib/rails/rack/logger.rb:20:in `block in call'
  activesupport (4.0.1) lib/active_support/tagged_logging.rb:67:in `block in tagged'
  activesupport (4.0.1) lib/active_support/tagged_logging.rb:25:in `tagged'
  activesupport (4.0.1) lib/active_support/tagged_logging.rb:67:in `tagged'
  railties (4.0.1) lib/rails/rack/logger.rb:20:in `call'
  actionpack (4.0.1) lib/action_dispatch/middleware/request_id.rb:21:in `call'
  rack (1.5.2) lib/rack/methodoverride.rb:21:in `call'
  rack (1.5.2) lib/rack/runtime.rb:17:in `call'
  activesupport (4.0.1) lib/active_support/cache/strategy/local_cache.rb:83:in `call'
  rack (1.5.2) lib/rack/lock.rb:17:in `call'
  actionpack (4.0.1) lib/action_dispatch/middleware/static.rb:64:in `call'
  rack (1.5.2) lib/rack/sendfile.rb:112:in `call'
  railties (4.0.1) lib/rails/engine.rb:511:in `call'
  railties (4.0.1) lib/rails/application.rb:97:in `call'
  rack (1.5.2) lib/rack/lock.rb:17:in `call'
  rack (1.5.2) lib/rack/content_length.rb:14:in `call'
  rack (1.5.2) lib/rack/handler/webrick.rb:60:in `service'
  /usr/lib/ruby/1.9.1/webrick/httpserver.rb:138:in `service'
  /usr/lib/ruby/1.9.1/webrick/httpserver.rb:94:in `run'
  /usr/lib/ruby/1.9.1/webrick/server.rb:191:in `block in start_thread'


  Rendered /var/lib/gems/1.9.1/gems/actionpack-4.0.1/lib/action_dispatch/middleware/templates/rescues/_trace.erb (1.0ms)
  Rendered /var/lib/gems/1.9.1/gems/actionpack-4.0.1/lib/action_dispatch/middleware/templates/routes/_route.html.erb (0.8ms)
  Rendered /var/lib/gems/1.9.1/gems/actionpack-4.0.1/lib/action_dispatch/middleware/templates/routes/_table.html.erb (4.2ms)
  Rendered /var/lib/gems/1.9.1/gems/actionpack-4.0.1/lib/action_dispatch/middleware/templates/rescues/routing_error.erb within rescues/layout (36.2ms)


Started GET "/delay&from=MDW&to=LAX" for 71.23.137.99 at 2013-11-30 05:11:41 +0000

ActionController::RoutingError (No route matches [GET] "/delay&from=MDW&to=LAX"):
  actionpack (4.0.1) lib/action_dispatch/middleware/debug_exceptions.rb:21:in `call'
  actionpack (4.0.1) lib/action_dispatch/middleware/show_exceptions.rb:30:in `call'
  railties (4.0.1) lib/rails/rack/logger.rb:38:in `call_app'
  railties (4.0.1) lib/rails/rack/logger.rb:20:in `block in call'
  activesupport (4.0.1) lib/active_support/tagged_logging.rb:67:in `block in tagged'
  activesupport (4.0.1) lib/active_support/tagged_logging.rb:25:in `tagged'
  activesupport (4.0.1) lib/active_support/tagged_logging.rb:67:in `tagged'
  railties (4.0.1) lib/rails/rack/logger.rb:20:in `call'
  actionpack (4.0.1) lib/action_dispatch/middleware/request_id.rb:21:in `call'
  rack (1.5.2) lib/rack/methodoverride.rb:21:in `call'
  rack (1.5.2) lib/rack/runtime.rb:17:in `call'
  activesupport (4.0.1) lib/active_support/cache/strategy/local_cache.rb:83:in `call'
  rack (1.5.2) lib/rack/lock.rb:17:in `call'
  actionpack (4.0.1) lib/action_dispatch/middleware/static.rb:64:in `call'
  rack (1.5.2) lib/rack/sendfile.rb:112:in `call'
  railties (4.0.1) lib/rails/engine.rb:511:in `call'
  railties (4.0.1) lib/rails/application.rb:97:in `call'
  rack (1.5.2) lib/rack/lock.rb:17:in `call'
  rack (1.5.2) lib/rack/content_length.rb:14:in `call'
  rack (1.5.2) lib/rack/handler/webrick.rb:60:in `service'
  /usr/lib/ruby/1.9.1/webrick/httpserver.rb:138:in `service'
  /usr/lib/ruby/1.9.1/webrick/httpserver.rb:94:in `run'
  /usr/lib/ruby/1.9.1/webrick/server.rb:191:in `block in start_thread'


  Rendered /var/lib/gems/1.9.1/gems/actionpack-4.0.1/lib/action_dispatch/middleware/templates/rescues/_trace.erb (0.8ms)
  Rendered /var/lib/gems/1.9.1/gems/actionpack-4.0.1/lib/action_dispatch/middleware/templates/routes/_route.html.erb (0.7ms)
  Rendered /var/lib/gems/1.9.1/gems/actionpack-4.0.1/lib/action_dispatch/middleware/templates/routes/_table.html.erb (0.9ms)
  Rendered /var/lib/gems/1.9.1/gems/actionpack-4.0.1/lib/action_dispatch/middleware/templates/rescues/routing_error.erb within rescues/layout (10.8ms)


Started GET "/delay" for 71.23.137.99 at 2013-11-30 05:11:44 +0000

ActionController::RoutingError (No route matches [GET] "/delay"):
  actionpack (4.0.1) lib/action_dispatch/middleware/debug_exceptions.rb:21:in `call'
  actionpack (4.0.1) lib/action_dispatch/middleware/show_exceptions.rb:30:in `call'
  railties (4.0.1) lib/rails/rack/logger.rb:38:in `call_app'
  railties (4.0.1) lib/rails/rack/logger.rb:20:in `block in call'
  activesupport (4.0.1) lib/active_support/tagged_logging.rb:67:in `block in tagged'
  activesupport (4.0.1) lib/active_support/tagged_logging.rb:25:in `tagged'
  activesupport (4.0.1) lib/active_support/tagged_logging.rb:67:in `tagged'
  railties (4.0.1) lib/rails/rack/logger.rb:20:in `call'
  actionpack (4.0.1) lib/action_dispatch/middleware/request_id.rb:21:in `call'
  rack (1.5.2) lib/rack/methodoverride.rb:21:in `call'
  rack (1.5.2) lib/rack/runtime.rb:17:in `call'
  activesupport (4.0.1) lib/active_support/cache/strategy/local_cache.rb:83:in `call'
  rack (1.5.2) lib/rack/lock.rb:17:in `call'
  actionpack (4.0.1) lib/action_dispatch/middleware/static.rb:64:in `call'
  rack (1.5.2) lib/rack/sendfile.rb:112:in `call'
  railties (4.0.1) lib/rails/engine.rb:511:in `call'
  railties (4.0.1) lib/rails/application.rb:97:in `call'
  rack (1.5.2) lib/rack/lock.rb:17:in `call'
  rack (1.5.2) lib/rack/content_length.rb:14:in `call'
  rack (1.5.2) lib/rack/handler/webrick.rb:60:in `service'
  /usr/lib/ruby/1.9.1/webrick/httpserver.rb:138:in `service'
  /usr/lib/ruby/1.9.1/webrick/httpserver.rb:94:in `run'
  /usr/lib/ruby/1.9.1/webrick/server.rb:191:in `block in start_thread'


  Rendered /var/lib/gems/1.9.1/gems/actionpack-4.0.1/lib/action_dispatch/middleware/templates/rescues/_trace.erb (1.0ms)
  Rendered /var/lib/gems/1.9.1/gems/actionpack-4.0.1/lib/action_dispatch/middleware/templates/routes/_route.html.erb (0.6ms)
  Rendered /var/lib/gems/1.9.1/gems/actionpack-4.0.1/lib/action_dispatch/middleware/templates/routes/_table.html.erb (0.9ms)
  Rendered /var/lib/gems/1.9.1/gems/actionpack-4.0.1/lib/action_dispatch/middleware/templates/rescues/routing_error.erb within rescues/layout (11.8ms)


Started GET "/delay" for 71.23.137.99 at 2013-11-30 05:12:00 +0000
Processing by WelcomeController#delay as HTML
Completed 500 Internal Server Error in 40ms

CassandraCQL::Error::InvalidRequestException (Key may not be empty):
  app/controllers/welcome_controller.rb:12:in `delay'


  Rendered /var/lib/gems/1.9.1/gems/actionpack-4.0.1/lib/action_dispatch/middleware/templates/rescues/_source.erb (0.5ms)
  Rendered /var/lib/gems/1.9.1/gems/actionpack-4.0.1/lib/action_dispatch/middleware/templates/rescues/_trace.erb (0.8ms)
  Rendered /var/lib/gems/1.9.1/gems/actionpack-4.0.1/lib/action_dispatch/middleware/templates/rescues/_request_and_response.erb (0.7ms)
  Rendered /var/lib/gems/1.9.1/gems/actionpack-4.0.1/lib/action_dispatch/middleware/templates/rescues/diagnostics.erb within rescues/layout (9.7ms)


Started GET "/delay.json&from=MDW&to=LAX" for 71.23.137.99 at 2013-11-30 05:12:05 +0000
Processing by WelcomeController#delay as 
Completed 500 Internal Server Error in 21ms

CassandraCQL::Error::InvalidRequestException (Key may not be empty):
  app/controllers/welcome_controller.rb:12:in `delay'


  Rendered /var/lib/gems/1.9.1/gems/actionpack-4.0.1/lib/action_dispatch/middleware/templates/rescues/_source.erb (0.6ms)
  Rendered /var/lib/gems/1.9.1/gems/actionpack-4.0.1/lib/action_dispatch/middleware/templates/rescues/_trace.erb (0.8ms)
  Rendered /var/lib/gems/1.9.1/gems/actionpack-4.0.1/lib/action_dispatch/middleware/templates/rescues/_request_and_response.erb (0.8ms)
  Rendered /var/lib/gems/1.9.1/gems/actionpack-4.0.1/lib/action_dispatch/middleware/templates/rescues/diagnostics.erb within rescues/layout (9.7ms)


Started GET "/delay.json?from=MDW&to=LAX" for 71.23.137.99 at 2013-11-30 05:12:32 +0000
Processing by WelcomeController#delay as JSON
  Parameters: {"from"=>"MDW", "to"=>"LAX"}
Completed 200 OK in 7ms (Views: 0.2ms | ActiveRecord: 0.0ms)


Started GET "/delay.json?from=MDW&to=LAX2" for 71.23.137.99 at 2013-11-30 05:12:39 +0000
Processing by WelcomeController#delay as JSON
  Parameters: {"from"=>"MDW", "to"=>"LAX2"}
Completed 200 OK in 6ms (Views: 0.2ms | ActiveRecord: 0.0ms)
